============================= test session starts =============================
platform win32 -- Python 3.12.0, pytest-9.0.1, pluggy-1.6.0
rootdir: C:\Users\sponheim\git\dasp
configfile: pyproject.toml
testpaths: tests
plugins: anyio-4.12.0, cov-7.0.0
collected 1169 items

tests\numerical\test_preprocessing_correctness.py ...................... [  1%]
..                                                                       [  2%]
tests\smoke\test_imports.py ..............                               [  3%]
tests\test_asd_ascii.py ..FF......                                       [  4%]
tests\test_baseline.py .....................                             [  5%]
tests\test_bayesian_utils.py .....................                       [  7%]
tests\test_calibration_transfer_advanced.py .F..F......FF...F........F.  [ 10%]
tests\test_cli_help.py ..                                                [ 10%]
tests\test_combined_excel.py FFF.                                        [ 10%]
tests\test_end_to_end_workflow.py FFFF.FF...F.                           [ 11%]
tests\test_end_to_end_workflows.py .............                         [ 12%]
tests\test_ensembles_with_data.py ......                                 [ 13%]
tests\test_fixtures_demo.py ..............                               [ 14%]
tests\test_ga_lightgbm.py .......................                        [ 16%]
tests\test_ga_pls.py ........................                            [ 18%]
tests\test_ga_preprocessing.py .........s..............