============================= test session starts =============================
platform win32 -- Python 3.12.0, pytest-9.0.1, pluggy-1.6.0 -- C:\Users\sponheim\AppData\Local\Programs\Python\Python312\python.exe
cachedir: .pytest_cache
rootdir: C:\Users\sponheim\git\dasp
configfile: pyproject.toml
plugins: anyio-4.12.0, cov-7.0.0
collecting ... collected 1169 items

tests/numerical/test_preprocessing_correctness.py::TestSNVCorrectness::test_snv_matches_gold_standard PASSED [  0%]
tests/numerical/test_preprocessing_correctness.py::TestSNVCorrectness::test_snv_single_sample PASSED [  0%]
tests/numerical/test_preprocessing_correctness.py::TestSNVCorrectness::test_snv_constant_values PASSED [  0%]
tests/numerical/test_preprocessing_correctness.py::TestSNVCorrectness::test_snv_deterministic PASSED [  0%]
tests/numerical/test_preprocessing_correctness.py::TestSNVCorrectness::test_snv_preserves_shape PASSED [  0%]
tests/numerical/test_preprocessing_correctness.py::TestSavgolDerivativeCorrectness::test_savgol_first_derivative_matches_scipy PASSED [  0%]
tests/numerical/test_preprocessing_correctness.py::TestSavgolDerivativeCorrectness::test_savgol_second_derivative_matches_scipy PASSED [  0%]
tests/numerical/test_preprocessing_correctness.py::TestSavgolDerivativeCorrectness::test_savgol_alternate_parameters PASSED [  0%]
tests/numerical/test_preprocessing_correctness.py::TestSavgolDerivativeCorrectness::test_savgol_small_window PASSED [  0%]
tests/numerical/test_preprocessing_correctness.py::TestSavgolDerivativeCorrectness::test_savgol_even_window_increment PASSED [  0%]
tests/numerical/test_preprocessing_correctness.py::TestSavgolDerivativeCorrectness::test_savgol_default_polyorder PASSED [  0%]
tests/numerical/test_preprocessing_correctness.py::TestSavgolDerivativeCorrectness::test_savgol_deterministic PASSED [  1%]
tests/numerical/test_preprocessing_correctness.py::TestSavgolSmoothCorrectness::test_savgol_smooth_is_zeroth_derivative PASSED [  1%]
tests/numerical/test_preprocessing_correctness.py::TestSavgolSmoothCorrectness::test_savgol_smooth_even_window_increment PASSED [  1%]
tests/numerical/test_preprocessing_correctness.py::TestBaselinePolynomialCorrectness::test_baseline_polynomial_matches_numpy PASSED [  1%]
tests/numerical/test_preprocessing_correctness.py::TestBaselinePolynomialCorrectness::test_baseline_polynomial_single_spectrum PASSED [  1%]
tests/numerical/test_preprocessing_correctness.py::TestBaselinePolynomialCorrectness::test_baseline_polynomial_degree_1 PASSED [  1%]
tests/numerical/test_preprocessing_correctness.py::TestBaselinePolynomialCorrectness::test_baseline_polynomial_deterministic PASSED [  1%]
tests/numerical/test_preprocessing_correctness.py::TestBaselinePolynomialCorrectness::test_baseline_polynomial_preserves_shape PASSED [  1%]
tests/numerical/test_preprocessing_correctness.py::TestPipelineCorrectness::test_snv_then_derivative PASSED [  1%]
tests/numerical/test_preprocessing_correctness.py::TestPipelineCorrectness::test_derivative_then_snv PASSED [  1%]
tests/numerical/test_preprocessing_correctness.py::TestInputValidation::test_savgol_window_too_small PASSED [  1%]
tests/numerical/test_preprocessing_correctness.py::TestInputValidation::test_savgol_window_too_large PASSED [  1%]
tests/numerical/test_preprocessing_correctness.py::TestInputValidation::test_smooth_window_too_small PASSED [  2%]
tests/smoke/test_imports.py::test_import_spectral_predict PASSED         [  2%]
tests/smoke/test_imports.py::test_import_search PASSED                   [  2%]
tests/smoke/test_imports.py::test_import_models PASSED                   [  2%]
tests/smoke/test_imports.py::test_import_preprocess PASSED               [  2%]
tests/smoke/test_imports.py::test_import_io PASSED                       [  2%]
tests/smoke/test_imports.py::test_import_variable_selection PASSED       [  2%]
tests/smoke/test_imports.py::test_import_calibration_transfer PASSED     [  2%]
tests/smoke/test_imports.py::test_basic_pls_fit PASSED                   [  2%]
tests/smoke/test_imports.py::test_basic_ridge_fit PASSED                 [  2%]
tests/smoke/test_imports.py::test_snv_preprocessing PASSED               [  2%]
tests/smoke/test_imports.py::test_savgol_preprocessing PASSED            [  2%]
tests/smoke/test_imports.py::test_model_registry PASSED                  [  3%]
tests/smoke/test_imports.py::test_numpy_scipy_available PASSED           [  3%]
tests/smoke/test_imports.py::test_ml_libraries_available PASSED          [  3%]
tests/test_asd_ascii.py::test_read_single_asd_ascii_sig PASSED           [  3%]
tests/test_asd_ascii.py::test_read_single_asd_ascii_multicolumn PASSED   [  3%]
tests/test_asd_ascii.py::test_read_asd_dir_multiple_files FAILED         [  3%]
tests/test_asd_ascii.py::test_read_asd_dir_mixed_sig_asd FAILED          [  3%]
tests/test_asd_ascii.py::test_read_asd_dir_no_files PASSED               [  3%]
tests/test_asd_ascii.py::test_read_asd_dir_not_directory PASSED          [  3%]
tests/test_asd_ascii.py::test_read_asd_dir_nonexistent PASSED            [  3%]
tests/test_asd_ascii.py::test_read_single_asd_with_header_lines PASSED   [  3%]
tests/test_asd_ascii.py::test_read_asd_ascii_wavelength_sorting PASSED   [  4%]
tests/test_asd_ascii.py::test_binary_asd_detection PASSED                [  4%]
tests/test_baseline.py::TestBaselinePolynomial::test_polynomial_degree_1 PASSED [  4%]
tests/test_baseline.py::TestBaselinePolynomial::test_polynomial_degree_2 PASSED [  4%]
tests/test_baseline.py::TestBaselinePolynomial::test_polynomial_degree_3 PASSED [  4%]
tests/test_baseline.py::TestBaselinePolynomial::test_polynomial_matches_gold_standard PASSED [  4%]
tests/test_baseline.py::TestBaselinePolynomial::test_polynomial_preserves_shape PASSED [  4%]
tests/test_baseline.py::TestBaselinePolynomial::test_polynomial_deterministic PASSED [  4%]
tests/test_baseline.py::TestBaselineALS::test_als_removes_polynomial_baseline PASSED [  4%]
tests/test_baseline.py::TestBaselineALS::test_als_preserves_peaks PASSED [  4%]
tests/test_baseline.py::TestBaselineALS::test_als_different_lambda_values PASSED [  4%]
tests/test_baseline.py::TestBaselineALS::test_als_convergence PASSED     [  4%]
tests/test_baseline.py::TestBaselineALS::test_als_preserves_shape PASSED [  5%]
tests/test_baseline.py::TestBaselineAirPLS::test_airpls_basic PASSED     [  5%]
tests/test_baseline.py::TestBaselineAirPLS::test_airpls_different_lambda PASSED [  5%]
tests/test_baseline.py::TestBaselineAirPLS::test_airpls_convergence PASSED [  5%]
tests/test_baseline.py::TestBaselineAirPLS::test_airpls_preserves_peaks PASSED [  5%]
tests/test_baseline.py::TestBaselineAirPLS::test_airpls_preserves_shape PASSED [  5%]
tests/test_baseline.py::TestBaselineComparison::test_all_methods_reduce_baseline_error PASSED [  5%]
tests/test_baseline.py::TestBaselineComparison::test_all_methods_preserve_shape PASSED [  5%]
tests/test_baseline.py::TestBaselineInputValidation::test_polynomial_invalid_degree PASSED [  5%]
tests/test_baseline.py::TestBaselineInputValidation::test_als_negative_lambda PASSED [  5%]
tests/test_baseline.py::TestBaselineInputValidation::test_als_invalid_p PASSED [  5%]
tests/test_bayesian_utils.py::TestCreateOptunaStudy::test_tpe_sampler_default PASSED [  5%]
tests/test_bayesian_utils.py::TestCreateOptunaStudy::test_random_sampler PASSED [  6%]
tests/test_bayesian_utils.py::TestCreateOptunaStudy::test_invalid_sampler_raises PASSED [  6%]
tests/test_bayesian_utils.py::TestCreateOptunaStudy::test_median_pruner PASSED [  6%]
tests/test_bayesian_utils.py::TestCreateOptunaStudy::test_halving_pruner PASSED [  6%]
tests/test_bayesian_utils.py::TestCreateOptunaStudy::test_no_pruner PASSED [  6%]
tests/test_bayesian_utils.py::TestCreateOptunaStudy::test_invalid_pruner_raises PASSED [  6%]
tests/test_bayesian_utils.py::TestCreateOptunaStudy::test_study_direction_minimize PASSED [  6%]
tests/test_bayesian_utils.py::TestCreateOptunaStudy::test_study_direction_maximize PASSED [  6%]
tests/test_bayesian_utils.py::TestCreateOptunaStudy::test_reproducibility_with_seed PASSED [  6%]
tests/test_bayesian_utils.py::TestSanitizeParams::test_nan_to_none PASSED [  6%]
tests/test_bayesian_utils.py::TestSanitizeParams::test_inf_to_none PASSED [  6%]
tests/test_bayesian_utils.py::TestSanitizeParams::test_normal_values_preserved PASSED [  7%]
tests/test_bayesian_utils.py::TestSanitizeParams::test_nested_dicts_sanitized PASSED [  7%]
tests/test_bayesian_utils.py::TestBayesianSearch::test_basic_bayesian_search PASSED [  7%]
tests/test_bayesian_utils.py::TestBayesianSearch::test_returns_dataframe PASSED [  7%]
tests/test_bayesian_utils.py::TestBayesianSearch::test_best_model_identified PASSED [  7%]
tests/test_bayesian_utils.py::TestBayesianSearch::test_pruning_works PASSED [  7%]
tests/test_bayesian_utils.py::TestResultConversion::test_converts_all_trials PASSED [  7%]
tests/test_bayesian_utils.py::TestResultConversion::test_handles_missing_params PASSED [  7%]
tests/test_bayesian_utils.py::TestResultConversion::test_correct_metric_columns PASSED [  7%]
tests/test_calibration_transfer_advanced.py::TestTSR::test_basic_tsr PASSED [  7%]
tests/test_calibration_transfer_advanced.py::TestTSR::test_tsr_perfect_recovery FAILED [  7%]
tests/test_calibration_transfer_advanced.py::TestTSR::test_tsr_wavelength_dependent PASSED [  7%]
tests/test_calibration_transfer_advanced.py::TestTSR::test_tsr_few_samples PASSED [  8%]
tests/test_calibration_transfer_advanced.py::TestTSR::test_tsr_bias_only_correction FAILED [  8%]
tests/test_calibration_transfer_advanced.py::TestTSR::test_tsr_with_regularization PASSED [  8%]
tests/test_calibration_transfer_advanced.py::TestTSR::test_tsr_quality_metrics PASSED [  8%]
tests/test_calibration_transfer_advanced.py::TestTSR::test_tsr_error_dimension_mismatch PASSED [  8%]
tests/test_calibration_transfer_advanced.py::TestTSR::test_tsr_error_too_few_samples PASSED [  8%]
tests/test_calibration_transfer_advanced.py::TestTSR::test_tsr_error_invalid_indices PASSED [  8%]
tests/test_calibration_transfer_advanced.py::TestTSR::test_apply_tsr_dimension_check PASSED [  8%]
tests/test_calibration_transfer_advanced.py::TestCTAI::test_basic_ctai FAILED [  8%]
tests/test_calibration_transfer_advanced.py::TestCTAI::test_ctai_no_transfer_samples_needed FAILED [  8%]
tests/test_calibration_transfer_advanced.py::TestCTAI::test_ctai_component_selection PASSED [  8%]
tests/test_calibration_transfer_advanced.py::TestCTAI::test_ctai_explained_variance_threshold PASSED [  8%]
tests/test_calibration_transfer_advanced.py::TestCTAI::test_ctai_affine_recovery PASSED [  9%]
tests/test_calibration_transfer_advanced.py::TestCTAI::test_ctai_different_sample_sizes FAILED [  9%]
tests/test_calibration_transfer_advanced.py::TestCTAI::test_ctai_reconstruction_error_metric PASSED [  9%]
tests/test_calibration_transfer_advanced.py::TestCTAI::test_apply_ctai_basic PASSED [  9%]
tests/test_calibration_transfer_advanced.py::TestCTAI::test_ctai_error_wavelength_mismatch PASSED [  9%]
tests/test_calibration_transfer_advanced.py::TestCTAI::test_ctai_error_too_few_samples PASSED [  9%]
tests/test_calibration_transfer_advanced.py::TestCTAI::test_apply_ctai_dimension_check PASSED [  9%]
tests/test_calibration_transfer_advanced.py::TestTransferModelIntegration::test_transfer_model_tsr PASSED [  9%]
tests/test_calibration_transfer_advanced.py::TestTransferModelIntegration::test_transfer_model_ctai PASSED [  9%]
tests/test_calibration_transfer_advanced.py::TestMethodComparison::test_tsr_vs_ctai_simple_affine PASSED [  9%]
tests/test_calibration_transfer_advanced.py::TestEdgeCases::test_identical_spectra FAILED [  9%]
tests/test_calibration_transfer_advanced.py::TestEdgeCases::test_high_dimensional_case PASSED [ 10%]
tests/test_cli_help.py::test_cli_help PASSED                             [ 10%]
tests/test_cli_help.py::test_cli_version PASSED                          [ 10%]
tests/test_combined_excel.py::test_combined_excel_with_id FAILED         [ 10%]
tests/test_combined_excel.py::test_combined_excel_no_id FAILED           [ 10%]
tests/test_combined_excel.py::test_combined_excel_mixed_order FAILED     [ 10%]
tests/test_combined_excel.py::test_detect_combined_excel PASSED          [ 10%]
tests/test_end_to_end_workflow.py::TestFullWorkflow::test_subset_model_workflow FAILED [ 10%]
tests/test_end_to_end_workflow.py::TestFullWorkflow::test_preprocessing_workflow FAILED [ 10%]
tests/test_end_to_end_workflow.py::TestFullWorkflow::test_complete_pipeline FAILED [ 10%]
tests/test_end_to_end_workflow.py::TestModelReproduction::test_r2_reproduction_after_pipeline_fix FAILED [ 10%]
tests/test_end_to_end_workflow.py::TestModelReproduction::test_saved_model_predictions_consistent PASSED [ 10%]
tests/test_end_to_end_workflow.py::TestEdgeCases::test_small_dataset FAILED [ 11%]
tests/test_end_to_end_workflow.py::TestEdgeCases::test_high_resolution_spectra FAILED [ 11%]
tests/test_end_to_end_workflow.py::TestEdgeCases::test_missing_wavelengths_error PASSED [ 11%]
tests/test_end_to_end_workflow.py::TestEdgeCases::test_all_model_types_save_load PASSED [ 11%]
tests/test_end_to_end_workflow.py::TestMultiModelComparison::test_save_multiple_models_and_compare PASSED [ 11%]
tests/test_end_to_end_workflow.py::TestPreprocessingCombinations::test_all_preprocessing_methods FAILED [ 11%]
tests/test_end_to_end_workflow.py::test_performance_benchmark PASSED     [ 11%]
tests/test_end_to_end_workflows.py::TestBasicAnalysisWorkflow::test_csv_to_results PASSED [ 11%]
tests/test_end_to_end_workflows.py::TestBasicAnalysisWorkflow::test_classification_workflow PASSED [ 11%]
tests/test_end_to_end_workflows.py::TestBasicAnalysisWorkflow::test_multiple_preprocessing PASSED [ 11%]
tests/test_end_to_end_workflows.py::TestModelRefinementWorkflow::test_result_to_retrain_cycle PASSED [ 11%]
tests/test_end_to_end_workflows.py::TestModelRefinementWorkflow::test_hyperparameter_modification PASSED [ 11%]
tests/test_end_to_end_workflows.py::TestModelPersistenceWorkflow::test_save_load_predict_cycle PASSED [ 12%]
tests/test_end_to_end_workflows.py::TestModelPersistenceWorkflow::test_preprocessing_persisted PASSED [ 12%]
tests/test_end_to_end_workflows.py::TestCalibrationTransferWorkflow::test_ds_transfer_workflow PASSED [ 12%]
tests/test_end_to_end_workflows.py::TestCalibrationTransferWorkflow::test_pds_transfer_workflow PASSED [ 12%]
tests/test_end_to_end_workflows.py::TestDataQualityWorkflow::test_outlier_removal_improves_model PASSED [ 12%]
tests/test_end_to_end_workflows.py::TestDataQualityWorkflow::test_complete_quality_workflow PASSED [ 12%]
tests/test_end_to_end_workflows.py::TestCompleteUserJourney::test_discovery_to_deployment_workflow PASSED [ 12%]
tests/test_end_to_end_workflows.py::TestCompleteUserJourney::test_multi_model_comparison_workflow PASSED [ 12%]
tests/test_ensembles_with_data.py::test_region_based_analyzer PASSED     [ 12%]
tests/test_ensembles_with_data.py::test_region_aware_weighted_ensemble PASSED [ 12%]
tests/test_ensembles_with_data.py::test_mixture_of_experts_ensemble PASSED [ 12%]
tests/test_ensembles_with_data.py::test_stacking_ensemble PASSED         [ 13%]
tests/test_ensembles_with_data.py::test_create_ensemble_factory PASSED   [ 13%]
tests/test_ensembles_with_data.py::test_ensemble_comparison PASSED       [ 13%]
tests/test_fixtures_demo.py::test_synthetic_spectra_small PASSED         [ 13%]
tests/test_fixtures_demo.py::test_synthetic_spectra_medium PASSED        [ 13%]
tests/test_fixtures_demo.py::test_synthetic_spectra_large PASSED         [ 13%]
tests/test_fixtures_demo.py::test_classification_data PASSED             [ 13%]
tests/test_fixtures_demo.py::test_imbalanced_data PASSED                 [ 13%]
tests/test_fixtures_demo.py::test_outlier_data PASSED                    [ 13%]
tests/test_fixtures_demo.py::test_trained_pls_model PASSED               [ 13%]
tests/test_fixtures_demo.py::test_bone_collagen_csv PASSED               [ 13%]
tests/test_fixtures_demo.py::test_project_root_exists PASSED             [ 13%]
tests/test_fixtures_demo.py::test_example_data_dir_exists PASSED         [ 14%]
tests/test_fixtures_demo.py::test_gold_standard_dir_created PASSED       [ 14%]
tests/test_fixtures_demo.py::test_temp_output_dir PASSED                 [ 14%]
tests/test_fixtures_demo.py::test_deterministic_fixtures PASSED          [ 14%]
tests/test_fixtures_demo.py::test_spectral_data_has_realistic_values PASSED [ 14%]
tests/test_ga_lightgbm.py::TestGALightGBMChromosome::test_encodes_hyperparams_implicitly PASSED [ 14%]
tests/test_ga_lightgbm.py::TestGALightGBMChromosome::test_decodes_to_valid_params PASSED [ 14%]
tests/test_ga_lightgbm.py::TestGALightGBMFitness::test_fitness_uses_lightgbm PASSED [ 14%]
tests/test_ga_lightgbm.py::TestGALightGBMFitness::test_respects_min_wavelengths PASSED [ 14%]
tests/test_ga_lightgbm.py::TestGALightGBMFitness::test_classification_fitness PASSED [ 14%]
tests/test_ga_lightgbm.py::TestGALightGBMBounds::test_n_estimators_range PASSED [ 14%]
tests/test_ga_lightgbm.py::TestGALightGBMBounds::test_learning_rate_range PASSED [ 14%]
tests/test_ga_lightgbm.py::TestGALightGBMBounds::test_num_leaves_range PASSED [ 15%]
tests/test_ga_lightgbm.py::TestGALightGBMBounds::test_reg_lambda_range PASSED [ 15%]
tests/test_ga_lightgbm.py::TestGALightGBMBounds::test_different_defaults_for_task_types PASSED [ 15%]
tests/test_ga_lightgbm.py::TestGALightGBMOptimization::test_returns_optimized_params PASSED [ 15%]
tests/test_ga_lightgbm.py::TestGALightGBMOptimization::test_params_in_valid_range PASSED [ 15%]
tests/test_ga_lightgbm.py::TestGALightGBMOptimization::test_fitness_improves PASSED [ 15%]
tests/test_ga_lightgbm.py::TestGALightGBMOptimization::test_reproducibility PASSED [ 15%]
tests/test_ga_lightgbm.py::TestGALightGBMOptimization::test_classification_task PASSED [ 15%]
tests/test_ga_lightgbm.py::TestGALightGBMOptimization::test_custom_lightgbm_params PASSED [ 15%]
tests/test_ga_lightgbm.py::TestGALightGBMDetailed::test_detailed_results PASSED [ 15%]
tests/test_ga_lightgbm.py::TestComparisonWithGAPLS::test_both_return_valid_importances PASSED [ 15%]
tests/test_ga_lightgbm.py::TestComparisonWithGAPLS::test_may_select_different_variables PASSED [ 15%]
tests/test_ga_lightgbm.py::TestEdgeCases::test_small_dataset PASSED      [ 16%]
tests/test_ga_lightgbm.py::TestEdgeCases::test_few_wavelengths PASSED    [ 16%]
tests/test_ga_lightgbm.py::TestEdgeCases::test_missing_lightgbm_error PASSED [ 16%]
tests/test_ga_lightgbm.py::TestPerformance::test_faster_than_ga_pls PASSED [ 16%]
tests/test_ga_pls.py::TestGAPLSChromosome::test_binary_encoding PASSED   [ 16%]
tests/test_ga_pls.py::TestGAPLSChromosome::test_minimum_selection_enforced PASSED [ 16%]
tests/test_ga_pls.py::TestGAPLSChromosome::test_population_shape PASSED  [ 16%]
tests/test_ga_pls.py::TestGAPLSChromosome::test_seeded_initialization PASSED [ 16%]
tests/test_ga_pls.py::TestGAPLSFitness::test_fitness_is_cv_r2 PASSED     [ 16%]
tests/test_ga_pls.py::TestGAPLSFitness::test_penalty_for_too_few_vars PASSED [ 16%]
tests/test_ga_pls.py::TestGAPLSFitness::test_penalty_for_too_many_vars PASSED [ 16%]
tests/test_ga_pls.py::TestGAPLSOperators::test_crossover_preserves_length PASSED [ 17%]
tests/test_ga_pls.py::TestGAPLSOperators::test_crossover_maintains_binary PASSED [ 17%]
tests/test_ga_pls.py::TestGAPLSOperators::test_mutation_flips_bits PASSED [ 17%]
tests/test_ga_pls.py::TestGAPLSOperators::test_mutation_enforces_minimum PASSED [ 17%]
tests/test_ga_pls.py::TestGAPLSOperators::test_selection_favors_fit PASSED [ 17%]
tests/test_ga_pls.py::TestFitnessCache::test_cache_hit PASSED            [ 17%]
tests/test_ga_pls.py::TestFitnessCache::test_cache_miss PASSED           [ 17%]
tests/test_ga_pls.py::TestFitnessCache::test_cache_clear PASSED          [ 17%]
tests/test_ga_pls.py::TestGAPLSSelection::test_returns_selected_wavelengths PASSED [ 17%]
tests/test_ga_pls.py::TestGAPLSSelection::test_selection_improves_model PASSED [ 17%]
tests/test_ga_pls.py::TestGAPLSSelection::test_respects_max_vars PASSED  [ 17%]
tests/test_ga_pls.py::TestGAPLSSelection::test_reproducibility_with_seed PASSED [ 17%]
tests/test_ga_pls.py::TestGAPLSSelection::test_multi_run_stability PASSED [ 18%]
tests/test_ga_pls.py::TestGAPLSDetailed::test_detailed_results PASSED    [ 18%]
tests/test_ga_pls.py::TestEdgeCases::test_small_dataset PASSED           [ 18%]
tests/test_ga_pls.py::TestEdgeCases::test_few_wavelengths PASSED         [ 18%]
tests/test_ga_pls.py::TestEdgeCases::test_classification_task PASSED     [ 18%]
tests/test_ga_preprocessing.py::TestChromosomeEncoding::test_random_chromosome_shape PASSED [ 18%]
tests/test_ga_preprocessing.py::TestChromosomeEncoding::test_random_chromosome_valid_ranges PASSED [ 18%]
tests/test_ga_preprocessing.py::TestChromosomeEncoding::test_encode_decode_roundtrip PASSED [ 18%]
tests/test_ga_preprocessing.py::TestChromosomeEncoding::test_valid_preprocessing_decoded PASSED [ 18%]
tests/test_ga_preprocessing.py::TestChromosomeEncoding::test_get_config_description PASSED [ 18%]
tests/test_ga_preprocessing.py::TestFitnessEvaluation::test_fitness_is_cross_val_score PASSED [ 18%]
tests/test_ga_preprocessing.py::TestFitnessEvaluation::test_handles_failed_preprocessing PASSED [ 18%]
tests/test_ga_preprocessing.py::TestFitnessEvaluation::test_penalty_for_invalid PASSED [ 19%]
tests/test_ga_preprocessing.py::TestFitnessEvaluation::test_fitness_model_pls PASSED [ 19%]
tests/test_ga_preprocessing.py::TestFitnessEvaluation::test_fitness_model_lightgbm SKIPPED [ 19%]
tests/test_ga_preprocessing.py::TestGeneticOperators::test_tournament_selection_returns_parent PASSED [ 19%]
tests/test_ga_preprocessing.py::TestGeneticOperators::test_tournament_favors_high_fitness PASSED [ 19%]
tests/test_ga_preprocessing.py::TestGeneticOperators::test_crossover_preserves_length PASSED [ 19%]
tests/test_ga_preprocessing.py::TestGeneticOperators::test_crossover_with_zero_rate PASSED [ 19%]
tests/test_ga_preprocessing.py::TestGeneticOperators::test_mutation_flips_genes PASSED [ 19%]
tests/test_ga_preprocessing.py::TestGeneticOperators::test_mutation_respects_ranges PASSED [ 19%]
tests/test_ga_preprocessing.py::TestGAPreprocessingOptimization::test_basic_optimization PASSED [ 19%]
tests/test_ga_preprocessing.py::TestGAPreprocessingOptimization::test_fitness_improves PASSED [ 19%]
tests/test_ga_preprocessing.py::TestGAPreprocessingOptimization::test_best_preprocessing_identified PASSED [ 20%]
tests/test_ga_preprocessing.py::TestGAPreprocessingOptimization::test_respects_search_space PASSED [ 20%]
tests/test_ga_preprocessing.py::TestGAPreprocessingOptimization::test_reproducibility_with_seed PASSED [ 20%]
tests/test_ga_preprocessing.py::TestGAPreprocessingOptimization::test_classification_task PASSED [ 20%]
tests/test_ga_preprocessing.py::TestGAPreprocessingOptimization::test_elitism_preserves_best PASSED [ 20%]
tests/test_ga_preprocessing.py::TestConvenienceFunction::test_get_optimized_preproc_config_quick PASSED [ 20%]
tests/test_ga_preprocessing.py::TestConvenienceFunction::test_get_optimized_preproc_config_full PASSED [ 20%]
tests/test_ga_preprocessing.py::TestEdgeCases::test_small_dataset PASSED [ 20%]
tests/test_ga_preprocessing.py::TestEdgeCases::test_high_dimensional_data PASSED [ 20%]
tests/test_imbalance.py::TestDetectClassImbalance::test_detects_severe_imbalance PASSED [ 20%]
tests/test_imbalance.py::TestDetectClassImbalance::test_no_imbalance_balanced_data PASSED [ 20%]
tests/test_imbalance.py::TestDetectClassImbalance::test_single_class_handling PASSED [ 20%]
tests/test_imbalance.py::TestDetectClassImbalance::test_multiclass_detection PASSED [ 21%]
tests/test_imbalance.py::TestDetectClassImbalance::test_severity_thresholds PASSED [ 21%]
tests/test_imbalance.py::TestDetectClassImbalance::test_recommendation_varies_by_severity PASSED [ 21%]
tests/test_imbalance.py::TestDetectRegressionImbalance::test_uniform_distribution_balanced PASSED [ 21%]
tests/test_imbalance.py::TestDetectRegressionImbalance::test_sparse_bins_detected PASSED [ 21%]
tests/test_imbalance.py::TestDetectRegressionImbalance::test_severity_based_on_coverage PASSED [ 21%]
tests/test_imbalance.py::TestClassificationResampler::test_oversampling_increases_minority[smote] PASSED [ 21%]
tests/test_imbalance.py::TestClassificationResampler::test_borderline_smote_with_small_minority PASSED [ 21%]
tests/test_imbalance.py::TestClassificationResampler::test_adasyn_oversampling PASSED [ 21%]
tests/test_imbalance.py::TestClassificationResampler::test_undersampling_decreases_majority PASSED [ 21%]
tests/test_imbalance.py::TestClassificationResampler::test_smote_requires_k_neighbors PASSED [ 21%]
tests/test_imbalance.py::TestClassificationResampler::test_reproducibility_with_seed PASSED [ 21%]
tests/test_imbalance.py::TestClassificationResampler::test_different_seeds_different_results PASSED [ 22%]
tests/test_imbalance.py::TestClassificationResampler::test_smote_tomek_combined_method PASSED [ 22%]
tests/test_imbalance.py::TestRegressionResampler::test_oversample_sparse_bins PASSED [ 22%]
tests/test_imbalance.py::TestRegressionResampler::test_smogn_synthetic_samples PASSED [ 22%]
tests/test_imbalance.py::TestRegressionResampler::test_handles_uniform_distribution PASSED [ 22%]
tests/test_imbalance.py::TestRegressionResampler::test_reproducibility_with_seed PASSED [ 22%]
tests/test_imbalance.py::TestRegressionResampler::test_sampling_strategy_auto_vs_mean PASSED [ 22%]
tests/test_imbalance.py::TestRegressionUndersampler::test_reduces_sample_count PASSED [ 22%]
tests/test_imbalance.py::TestRegressionUndersampler::test_preserves_rare_values PASSED [ 22%]
tests/test_imbalance.py::TestRegressionUndersampler::test_reproducibility PASSED [ 22%]
tests/test_imbalance.py::TestRegressionSampleWeighter::test_binning_weights_inverse_frequency PASSED [ 22%]
tests/test_imbalance.py::TestRegressionSampleWeighter::test_distance_based_weights PASSED [ 23%]
tests/test_imbalance.py::TestRegressionSampleWeighter::test_zero_std_handling PASSED [ 23%]
tests/test_imbalance.py::TestRegressionSampleWeighter::test_transform_passthrough PASSED [ 23%]
tests/test_imbalance.py::TestValidateClassificationConfig::test_raises_insufficient_samples_for_cv PASSED [ 23%]
tests/test_imbalance.py::TestValidateClassificationConfig::test_raises_insufficient_neighbors PASSED [ 23%]
tests/test_imbalance.py::TestValidateClassificationConfig::test_passes_valid_config PASSED [ 23%]
tests/test_imbalance.py::TestValidateClassificationConfig::test_no_validation_for_class_weight PASSED [ 23%]
tests/test_imbalance.py::TestValidateClassificationConfig::test_warns_on_small_fold_counts SKIPPED [ 23%]
tests/test_imbalance.py::TestValidateClassificationConfig::test_single_class_error PASSED [ 23%]
tests/test_imbalance.py::TestValidateClassificationConfig::test_feature_dimension_warning PASSED [ 23%]
tests/test_imbalance.py::TestBuildImbalanceTransformer::test_returns_transformer_classification PASSED [ 23%]
tests/test_imbalance.py::TestBuildImbalanceTransformer::test_returns_transformer_regression_oversample PASSED [ 23%]
tests/test_imbalance.py::TestBuildImbalanceTransformer::test_returns_transformer_regression_smogn PASSED [ 24%]
tests/test_imbalance.py::TestBuildImbalanceTransformer::test_returns_transformer_regression_undersample PASSED [ 24%]
tests/test_imbalance.py::TestBuildImbalanceTransformer::test_returns_weighter_for_binning PASSED [ 24%]
tests/test_imbalance.py::TestBuildImbalanceTransformer::test_raises_for_unknown_method PASSED [ 24%]
tests/test_imbalance.py::TestRecommendImbalanceMethod::test_recommends_none_for_balanced PASSED [ 24%]
tests/test_imbalance.py::TestRecommendImbalanceMethod::test_recommends_smote_for_moderate_imbalance PASSED [ 24%]
tests/test_imbalance.py::TestRecommendImbalanceMethod::test_recommends_class_weight_for_tiny_minority PASSED [ 24%]
tests/test_imbalance.py::TestRecommendImbalanceMethod::test_warns_small_dataset PASSED [ 24%]
tests/test_imbalance.py::TestRecommendImbalanceMethod::test_regression_recommendation PASSED [ 24%]
tests/test_imbalance.py::TestIntegrationScenarios::test_complete_smote_workflow PASSED [ 24%]
tests/test_imbalance.py::TestIntegrationScenarios::test_regression_workflow PASSED [ 24%]
tests/test_imbalance.py::TestIntegrationScenarios::test_handles_all_identical_y_values PASSED [ 24%]
tests/test_imbalance.py::TestIntegrationScenarios::test_pandas_dataframe_input PASSED [ 25%]
tests/test_imbalance.py::TestIntegrationScenarios::test_numpy_array_input PASSED [ 25%]
tests/test_import.py::test_import_package PASSED                         [ 25%]
tests/test_import.py::test_version_exists PASSED                         [ 25%]
tests/test_import.py::test_version_format PASSED                         [ 25%]
tests/test_interference.py::TestWavelengthExcluder::test_default_exclusion PASSED [ 25%]
tests/test_interference.py::TestWavelengthExcluder::test_custom_exclusion PASSED [ 25%]
tests/test_interference.py::TestWavelengthExcluder::test_invert_mode PASSED [ 25%]
tests/test_interference.py::TestWavelengthExcluder::test_no_exclusion PASSED [ 25%]
tests/test_interference.py::TestWavelengthExcluder::test_all_excluded_warning PASSED [ 25%]
tests/test_interference.py::TestWavelengthExcluder::test_wavelength_mismatch_error PASSED [ 25%]
tests/test_interference.py::TestWavelengthExcluder::test_transform_shape_mismatch PASSED [ 26%]
tests/test_interference.py::TestWavelengthExcluder::test_pipeline_compatibility PASSED [ 26%]
tests/test_interference.py::TestWavelengthExcluder::test_get_feature_names_out PASSED [ 26%]
tests/test_interference.py::TestWavelengthExcluder::test_invert_multiple_ranges PASSED [ 26%]
tests/test_interference.py::TestMSC::test_mean_reference PASSED          [ 26%]
tests/test_interference.py::TestMSC::test_median_reference PASSED        [ 26%]
tests/test_interference.py::TestMSC::test_custom_reference PASSED        [ 26%]
tests/test_interference.py::TestMSC::test_invalid_reference_type PASSED  [ 26%]
tests/test_interference.py::TestMSC::test_custom_reference_wrong_length PASSED [ 26%]
tests/test_interference.py::TestMSC::test_transform_before_fit PASSED    [ 26%]
tests/test_interference.py::TestMSC::test_scatter_correction_effectiveness PASSED [ 26%]
tests/test_interference.py::TestMSC::test_pipeline_compatibility PASSED  [ 26%]
tests/test_interference.py::TestMSC::test_constant_spectra PASSED        [ 27%]
tests/test_interference.py::TestMSC::test_near_constant_spectra PASSED   [ 27%]
tests/test_interference.py::TestMSC::test_all_zero_spectra PASSED        [ 27%]
tests/test_interference.py::TestOSC::test_basic_osc PASSED               [ 27%]
tests/test_interference.py::TestOSC::test_multiple_components PASSED     [ 27%]
tests/test_interference.py::TestOSC::test_osc_improves_prediction PASSED [ 27%]
tests/test_interference.py::TestOSC::test_osc_requires_y PASSED          [ 27%]
tests/test_interference.py::TestOSC::test_osc_sample_mismatch PASSED     [ 27%]
tests/test_interference.py::TestOSC::test_osc_transform_consistency PASSED [ 27%]
tests/test_interference.py::TestOSC::test_osc_pipeline PASSED            [ 27%]
tests/test_interference.py::TestOSC::test_osc_zero_components PASSED     [ 27%]
tests/test_interference.py::TestOSC::test_osc_with_2d_y PASSED           [ 27%]
tests/test_interference.py::TestOSC::test_osc_uses_training_mean PASSED  [ 28%]
tests/test_interference.py::TestOSC::test_osc_excessive_components_warning PASSED [ 28%]
tests/test_interference.py::TestEPO::test_epo_missing_interferents PASSED [ 28%]
tests/test_interference.py::TestEPO::test_epo_feature_mismatch_fit PASSED [ 28%]
tests/test_interference.py::TestEPO::test_epo_empty_interferents PASSED  [ 28%]
tests/test_interference.py::TestEPO::test_epo_insufficient_interferent_samples PASSED [ 28%]
tests/test_interference.py::TestEPO::test_epo_constant_interferents PASSED [ 28%]
tests/test_interference.py::TestEPO::test_epo_zero_interferents PASSED   [ 28%]
tests/test_interference.py::TestEPO::test_epo_partial_constant_wavelengths PASSED [ 28%]
tests/test_interference.py::TestEPO::test_epo_feature_mismatch_transform PASSED [ 28%]
tests/test_interference.py::TestEPO::test_epo_basic_fit_transform PASSED [ 28%]
tests/test_interference.py::TestEPO::test_epo_removes_interferent_signal PASSED [ 28%]
tests/test_interference.py::TestEPO::test_epo_preserves_data_dimensions PASSED [ 29%]
tests/test_interference.py::TestEPO::test_epo_centering_behavior PASSED  [ 29%]
tests/test_interference.py::TestEPO::test_epo_uses_training_mean PASSED  [ 29%]
tests/test_interference.py::TestEPO::test_epo_explained_variance PASSED  [ 29%]
tests/test_interference.py::TestEPO::test_epo_interferent_components PASSED [ 29%]
tests/test_interference.py::TestEPO::test_epo_sklearn_pipeline_integration PASSED [ 29%]
tests/test_interference.py::TestEPO::test_epo_with_ridge_regression PASSED [ 29%]
tests/test_interference.py::TestEPO::test_epo_serialization PASSED       [ 29%]
tests/test_interference.py::TestEPO::test_epo_model_io_integration PASSED [ 29%]
tests/test_interference.py::TestEPO::test_epo_model_io_with_metadata PASSED [ 29%]
tests/test_interference.py::TestEPO::test_epo_get_params_set_params PASSED [ 29%]
tests/test_interference.py::TestEPO::test_epo_single_interferent_sample PASSED [ 30%]
tests/test_interference.py::TestEPO::test_epo_excessive_components_warning PASSED [ 30%]
tests/test_interference.py::TestEPO::test_epo_no_centering_preserves_mean PASSED [ 30%]
tests/test_interference.py::TestEPO::test_epo_negative_n_components PASSED [ 30%]
tests/test_interference.py::TestEPO::test_epo_zero_n_components PASSED   [ 30%]
tests/test_interference.py::TestEPO::test_epo_invalid_center_type PASSED [ 30%]
tests/test_interference.py::TestEPO::test_epo_n_components_exceeds_features PASSED [ 30%]
tests/test_interference.py::TestGLSW::test_covariance_method PASSED      [ 30%]
tests/test_interference.py::TestGLSW::test_residual_method PASSED        [ 30%]
tests/test_interference.py::TestGLSW::test_residual_method_requires_y PASSED [ 30%]
tests/test_interference.py::TestGLSW::test_weights_down_weight_high_variance PASSED [ 30%]
tests/test_interference.py::TestGLSW::test_pipeline_compatibility PASSED [ 30%]
tests/test_interference.py::TestGLSW::test_invalid_method PASSED         [ 31%]
tests/test_interference.py::TestGLSW::test_transform_before_fit PASSED   [ 31%]
tests/test_interference.py::TestGLSW::test_transform_shape_mismatch PASSED [ 31%]
tests/test_interference.py::TestGLSW::test_regularization_prevents_division_by_zero PASSED [ 31%]
tests/test_interference.py::TestGLSW::test_get_feature_weights PASSED    [ 31%]
tests/test_interference.py::TestGLSW::test_glsw_improves_prediction_with_heteroscedastic_noise PASSED [ 31%]
tests/test_interference.py::TestGLSW::test_covariance_vs_residual_methods PASSED [ 31%]
tests/test_interference.py::TestDOSC::test_dosc_basic_fit_transform PASSED [ 31%]
tests/test_interference.py::TestDOSC::test_dosc_removes_y_orthogonal_variation PASSED [ 31%]
tests/test_interference.py::TestDOSC::test_dosc_preserves_data_dimensions PASSED [ 31%]
tests/test_interference.py::TestDOSC::test_dosc_uses_training_mean PASSED [ 31%]
tests/test_interference.py::TestDOSC::test_dosc_explained_variance PASSED [ 31%]
tests/test_interference.py::TestDOSC::test_dosc_get_components PASSED    [ 32%]
tests/test_interference.py::TestDOSC::test_dosc_negative_n_components PASSED [ 32%]
tests/test_interference.py::TestDOSC::test_dosc_zero_n_components PASSED [ 32%]
tests/test_interference.py::TestDOSC::test_dosc_invalid_center_type PASSED [ 32%]
tests/test_interference.py::TestDOSC::test_dosc_excessive_components_warning PASSED [ 32%]
tests/test_interference.py::TestDOSC::test_dosc_feature_mismatch_transform PASSED [ 32%]
tests/test_interference.py::TestDOSC::test_dosc_transform_before_fit PASSED [ 32%]
tests/test_interference.py::TestDOSC::test_dosc_centering_behavior PASSED [ 32%]
tests/test_interference.py::TestDOSC::test_dosc_sklearn_pipeline_integration PASSED [ 32%]
tests/test_interference.py::TestDOSC::test_dosc_with_ridge_regression PASSED [ 32%]
tests/test_interference.py::TestDOSC::test_dosc_serialization PASSED     [ 32%]
tests/test_interference.py::TestDOSC::test_dosc_get_params_set_params PASSED [ 33%]
tests/test_interference.py::TestIntegrationScenarios::test_wavelength_exclusion_then_osc PASSED [ 33%]
tests/test_interference.py::TestIntegrationScenarios::test_msc_then_wavelength_exclusion PASSED [ 33%]
tests/test_interference.py::TestIntegrationScenarios::test_full_preprocessing_chain PASSED [ 33%]
tests/test_interference.py::TestIntegrationScenarios::test_glsw_with_ridge_regression PASSED [ 33%]
tests/test_interference.py::TestIntegrationScenarios::test_complete_interference_removal_pipeline PASSED [ 33%]
tests/test_interference.py::test_module_imports PASSED                   [ 33%]
tests/test_interference_adversarial.py::TestNumericalStability::test_wavelength_excluder_extreme_values PASSED [ 33%]
tests/test_interference_adversarial.py::TestNumericalStability::test_msc_extreme_small_values PASSED [ 33%]
tests/test_interference_adversarial.py::TestNumericalStability::test_msc_extreme_large_values PASSED [ 33%]
tests/test_interference_adversarial.py::TestNumericalStability::test_msc_all_zeros PASSED [ 33%]
tests/test_interference_adversarial.py::TestNumericalStability::test_msc_all_constants PASSED [ 33%]
tests/test_interference_adversarial.py::TestNumericalStability::test_msc_with_nan_input PASSED [ 34%]
tests/test_interference_adversarial.py::TestNumericalStability::test_msc_with_inf_input PASSED [ 34%]
tests/test_interference_adversarial.py::TestNumericalStability::test_msc_negative_values PASSED [ 34%]
tests/test_interference_adversarial.py::TestNumericalStability::test_osc_extreme_small_values PASSED [ 34%]
tests/test_interference_adversarial.py::TestNumericalStability::test_osc_extreme_large_values PASSED [ 34%]
tests/test_interference_adversarial.py::TestNumericalStability::test_osc_all_zeros PASSED [ 34%]
tests/test_interference_adversarial.py::TestNumericalStability::test_osc_constant_y PASSED [ 34%]
tests/test_interference_adversarial.py::TestEdgeCases::test_wavelength_excluder_single_sample PASSED [ 34%]
tests/test_interference_adversarial.py::TestEdgeCases::test_wavelength_excluder_single_wavelength PASSED [ 34%]
tests/test_interference_adversarial.py::TestEdgeCases::test_wavelength_excluder_empty_exclusion PASSED [ 34%]
tests/test_interference_adversarial.py::TestEdgeCases::test_wavelength_excluder_overlapping_ranges PASSED [ 34%]
tests/test_interference_adversarial.py::TestEdgeCases::test_wavelength_excluder_inverted_wavelengths PASSED [ 34%]
tests/test_interference_adversarial.py::TestEdgeCases::test_msc_single_sample PASSED [ 35%]
tests/test_interference_adversarial.py::TestEdgeCases::test_msc_single_wavelength PASSED [ 35%]
tests/test_interference_adversarial.py::TestEdgeCases::test_osc_single_sample PASSED [ 35%]
tests/test_interference_adversarial.py::TestEdgeCases::test_osc_single_wavelength PASSED [ 35%]
tests/test_interference_adversarial.py::TestEdgeCases::test_osc_more_components_than_features PASSED [ 35%]
tests/test_interference_adversarial.py::TestEdgeCases::test_osc_more_components_than_samples PASSED [ 35%]
tests/test_interference_adversarial.py::TestMemoryPerformance::test_large_dataset_wavelength_excluder PASSED [ 35%]
tests/test_interference_adversarial.py::TestMemoryPerformance::test_large_dataset_msc PASSED [ 35%]
tests/test_interference_adversarial.py::TestMemoryPerformance::test_large_dataset_osc PASSED [ 35%]
tests/test_interference_adversarial.py::TestAPIMisuse::test_transform_before_fit_wavelength_excluder PASSED [ 35%]
tests/test_interference_adversarial.py::TestAPIMisuse::test_transform_before_fit_msc PASSED [ 35%]
tests/test_interference_adversarial.py::TestAPIMisuse::test_transform_before_fit_osc PASSED [ 36%]
tests/test_interference_adversarial.py::TestAPIMisuse::test_shape_mismatch_wavelength_excluder PASSED [ 36%]
tests/test_interference_adversarial.py::TestAPIMisuse::test_shape_mismatch_msc PASSED [ 36%]
tests/test_interference_adversarial.py::TestAPIMisuse::test_shape_mismatch_osc PASSED [ 36%]
tests/test_interference_adversarial.py::TestAPIMisuse::test_wrong_dtype_string PASSED [ 36%]
tests/test_interference_adversarial.py::TestCrossValidationLeakage::test_osc_cv_with_different_folds PASSED [ 36%]
tests/test_interference_adversarial.py::TestCrossValidationLeakage::test_msc_cv_recomputes_reference PASSED [ 36%]
tests/test_interference_adversarial.py::TestCrossValidationLeakage::test_osc_preserves_test_set_statistics PASSED [ 36%]
tests/test_interference_adversarial.py::TestCrossValidationLeakage::test_msc_preserves_test_set_statistics PASSED [ 36%]
tests/test_interference_adversarial.py::TestIntegration::test_pickle_serialization_wavelength_excluder PASSED [ 36%]
tests/test_interference_adversarial.py::TestIntegration::test_pickle_serialization_msc PASSED [ 36%]
tests/test_interference_adversarial.py::TestIntegration::test_pickle_serialization_osc PASSED [ 36%]
tests/test_interference_adversarial.py::TestIntegration::test_pipeline_with_gridsearch PASSED [ 37%]
tests/test_interference_adversarial.py::TestErrorMessages::test_wavelength_mismatch_error_message PASSED [ 37%]
tests/test_interference_adversarial.py::TestErrorMessages::test_sample_mismatch_error_message PASSED [ 37%]
tests/test_interference_adversarial.py::TestErrorMessages::test_invalid_reference_error_message PASSED [ 37%]
tests/test_interference_adversarial.py::TestSpecialScenarios::test_osc_with_perfect_correlation PASSED [ 37%]
tests/test_interference_adversarial.py::TestSpecialScenarios::test_osc_with_no_correlation PASSED [ 37%]
tests/test_interference_adversarial.py::TestSpecialScenarios::test_wavelength_excluder_exclude_all_but_one PASSED [ 37%]
tests/test_interference_adversarial.py::TestSpecialScenarios::test_msc_with_one_outlier_spectrum PASSED [ 37%]
tests/test_interference_integration.py::TestComplexPipelines::test_full_preprocessing_pipeline PASSED [ 37%]
tests/test_interference_integration.py::TestComplexPipelines::test_epo_based_pipeline PASSED [ 37%]
tests/test_interference_integration.py::TestComplexPipelines::test_dosc_osc_comparison PASSED [ 37%]
tests/test_interference_integration.py::TestComplexPipelines::test_all_methods_in_one_pipeline PASSED [ 37%]
tests/test_interference_integration.py::TestComplexPipelines::test_pipeline_with_lasso PASSED [ 38%]
tests/test_interference_integration.py::TestSerializationIntegration::test_complex_pipeline_serialization PASSED [ 38%]
tests/test_interference_integration.py::TestSerializationIntegration::test_epo_pipeline_serialization PASSED [ 38%]
tests/test_interference_integration.py::TestCrossValidationCompatibility::test_cv_with_osc_pipeline PASSED [ 38%]
tests/test_interference_integration.py::TestCrossValidationCompatibility::test_cv_with_dosc_pipeline PASSED [ 38%]
tests/test_interference_integration.py::TestCrossValidationCompatibility::test_cv_with_complex_pipeline PASSED [ 38%]
tests/test_interference_integration.py::TestEdgeCases::test_very_small_dataset PASSED [ 38%]
tests/test_interference_integration.py::TestEdgeCases::test_single_wavelength_after_exclusion PASSED [ 38%]
tests/test_interference_integration.py::TestEdgeCases::test_high_dimensional_data PASSED [ 38%]
tests/test_interference_integration.py::test_all_methods_importable PASSED [ 38%]
tests/test_interference_integration.py::test_pipeline_get_params PASSED  [ 38%]
tests/test_io_comprehensive.py::TestCSVReadingWideFormat::test_read_csv_wide_format PASSED [ 39%]
tests/test_io_comprehensive.py::TestCSVReadingWideFormat::test_read_csv_wide_format_with_non_wavelength_columns PASSED [ 39%]
tests/test_io_comprehensive.py::TestCSVReadingWideFormat::test_read_csv_wide_format_large PASSED [ 39%]
tests/test_io_comprehensive.py::TestCSVReadingLongFormat::test_read_csv_long_format PASSED [ 39%]
tests/test_io_comprehensive.py::TestCSVReadingLongFormat::test_read_csv_long_format_wavelength_nm PASSED [ 39%]
tests/test_io_comprehensive.py::TestCSVReadingLongFormat::test_read_csv_long_format_reflectance_column PASSED [ 39%]
tests/test_io_comprehensive.py::TestDataAlignment::test_align_xy_exact_match PASSED [ 39%]
tests/test_io_comprehensive.py::TestDataAlignment::test_align_xy_fuzzy_match PASSED [ 39%]
tests/test_io_comprehensive.py::TestDataAlignment::test_align_xy_fuzzy_match_spaces PASSED [ 39%]
tests/test_io_comprehensive.py::TestDataAlignment::test_align_xy_missing_specimens PASSED [ 39%]
tests/test_io_comprehensive.py::TestDataAlignment::test_align_xy_nan_target_handling PASSED [ 39%]
tests/test_io_comprehensive.py::TestDataAlignment::test_align_xy_return_alignment_info PASSED [ 39%]
tests/test_io_comprehensive.py::TestFormatDetection::test_detect_spectral_data_type_reflectance PASSED [ 40%]
tests/test_io_comprehensive.py::TestFormatDetection::test_detect_spectral_data_type_absorbance PASSED [ 40%]
tests/test_io_comprehensive.py::TestEdgeCases::test_empty_file_handling PASSED [ 40%]
tests/test_io_comprehensive.py::TestEdgeCases::test_duplicate_specimen_ids PASSED [ 40%]
tests/test_io_comprehensive.py::TestEdgeCases::test_unicode_in_column_names PASSED [ 40%]
tests/test_io_comprehensive.py::TestEdgeCases::test_read_csv_too_few_wavelengths PASSED [ 40%]
tests/test_io_comprehensive.py::TestEdgeCases::test_read_csv_non_increasing_wavelengths PASSED [ 40%]
tests/test_io_comprehensive.py::TestEdgeCases::test_read_reference_missing_id_column PASSED [ 40%]
tests/test_io_comprehensive.py::TestEdgeCases::test_read_reference_excel_format PASSED [ 40%]
tests/test_io_comprehensive.py::TestEdgeCases::test_align_xy_missing_target_column PASSED [ 40%]
tests/test_io_comprehensive.py::TestEdgeCases::test_align_xy_no_overlap PASSED [ 40%]
tests/test_io_comprehensive.py::TestEdgeCases::test_align_xy_all_nan_targets PASSED [ 40%]
tests/test_io_comprehensive.py::TestFilenameNormalization::test_normalize_filename_asd_extension PASSED [ 41%]
tests/test_io_comprehensive.py::TestFilenameNormalization::test_normalize_filename_csv_extension PASSED [ 41%]
tests/test_io_comprehensive.py::TestFilenameNormalization::test_normalize_filename_spaces PASSED [ 41%]
tests/test_io_comprehensive.py::TestFilenameNormalization::test_normalize_filename_lowercase PASSED [ 41%]
tests/test_io_comprehensive.py::TestFilenameNormalization::test_normalize_filename_combined PASSED [ 41%]
tests/test_io_comprehensive.py::TestFilenameNormalization::test_normalize_filename_no_extension PASSED [ 41%]
tests/test_io_csv.py::test_read_csv_wide FAILED                          [ 41%]
tests/test_io_csv.py::test_read_csv_long FAILED                          [ 41%]
tests/test_io_csv.py::test_read_csv_wide_validation_too_few_wavelengths PASSED [ 41%]
tests/test_io_csv.py::test_read_reference_csv PASSED                     [ 41%]
tests/test_io_csv.py::test_read_reference_missing_id_column PASSED       [ 41%]
tests/test_io_csv.py::test_align_xy PASSED                               [ 42%]
tests/test_io_csv.py::test_align_xy_partial_overlap PASSED               [ 42%]
tests/test_io_csv.py::test_align_xy_missing_target PASSED                [ 42%]
tests/test_io_csv.py::test_align_xy_no_overlap PASSED                    [ 42%]
tests/test_io_excel.py::test_read_excel_wide_format PASSED               [ 42%]
tests/test_io_excel.py::test_read_excel_long_format PASSED               [ 42%]
tests/test_io_excel.py::test_write_read_excel_roundtrip PASSED           [ 42%]
tests/test_io_excel.py::test_excel_too_few_wavelengths PASSED            [ 42%]
tests/test_io_excel.py::test_excel_empty_file PASSED                     [ 42%]
tests/test_io_excel.py::test_excel_via_unified_api PASSED                [ 42%]
tests/test_io_excel.py::test_write_excel_via_unified_api PASSED          [ 42%]
tests/test_io_excel.py::test_excel_multiple_sheets PASSED                [ 42%]
tests/test_io_excel.py::test_excel_freeze_panes PASSED                   [ 43%]
tests/test_io_excel.py::test_excel_custom_float_format PASSED            [ 43%]
tests/test_io_excel.py::test_excel_metadata_preservation PASSED          [ 43%]
tests/test_io_jcamp.py::test_read_jcamp_basic FAILED                     [ 43%]
tests/test_io_jcamp.py::test_read_jcamp_via_unified_api PASSED           [ 43%]
tests/test_io_jcamp.py::test_write_jcamp_basic FAILED                    [ 43%]
tests/test_io_jcamp.py::test_write_jcamp_multiple_spectra_warning FAILED [ 43%]
tests/test_io_jcamp.py::test_write_read_jcamp_roundtrip FAILED           [ 43%]
tests/test_io_jcamp.py::test_jcamp_via_unified_write_api FAILED          [ 43%]
tests/test_io_jcamp.py::test_jcamp_metadata_extraction PASSED            [ 43%]
tests/test_io_jcamp.py::test_jcamp_custom_units FAILED                   [ 43%]
tests/test_io_jcamp.py::test_jcamp_import_error SKIPPED (jcamp packa...) [ 43%]
tests/test_io_jcamp.py::test_jcamp_data_type_detection PASSED            [ 44%]
tests/test_io_spc.py::test_read_spc_file_import_error FAILED             [ 44%]
tests/test_io_spc.py::test_write_spc_file_import_error PASSED            [ 44%]
tests/test_io_spc.py::test_read_spc_dir_with_existing_function FAILED    [ 44%]
tests/test_io_spc.py::test_read_spc_via_unified_api SKIPPED (spc-io ...) [ 44%]
tests/test_io_spc.py::test_write_spc_multiple_spectra_warning PASSED     [ 44%]
tests/test_io_spc.py::test_spc_via_unified_write_api PASSED              [ 44%]
tests/test_io_spc.py::test_spc_directory_detection SKIPPED (pyspectr...) [ 44%]
tests/test_io_spc.py::test_spc_metadata_structure PASSED                 [ 44%]
tests/test_io_spc.py::test_spc_no_files_error PASSED                     [ 44%]
tests/test_io_spc.py::test_spc_not_directory_error PASSED                [ 44%]
tests/test_io_spc.py::test_spc_directory_not_found_error PASSED          [ 44%]
tests/test_io_spc.py::test_spc_wavelength_validation SKIPPED (Requir...) [ 45%]
tests/test_io_spc.py::test_spc_roundtrip_if_available PASSED             [ 45%]
tests/test_io_unified.py::test_auto_detect_csv PASSED                    [ 45%]
tests/test_io_unified.py::test_auto_detect_excel PASSED                  [ 45%]
tests/test_io_unified.py::test_auto_detect_ascii PASSED                  [ 45%]
tests/test_io_unified.py::test_detect_directory_asd PASSED               [ 45%]
tests/test_io_unified.py::test_detect_directory_spc PASSED               [ 45%]
tests/test_io_unified.py::test_detect_directory_csv PASSED               [ 45%]
tests/test_io_unified.py::test_detect_directory_unknown PASSED           [ 45%]
tests/test_io_unified.py::test_write_spectra_csv PASSED                  [ 45%]
tests/test_io_unified.py::test_write_spectra_excel PASSED                [ 45%]
tests/test_io_unified.py::test_write_spectra_ascii PASSED                [ 46%]
tests/test_io_unified.py::test_write_spectra_unsupported_format PASSED   [ 46%]
tests/test_io_unified.py::test_read_spectra_explicit_csv PASSED          [ 46%]
tests/test_io_unified.py::test_read_spectra_explicit_excel PASSED        [ 46%]
tests/test_io_unified.py::test_read_spectra_explicit_ascii PASSED        [ 46%]
tests/test_io_unified.py::test_read_spectra_unsupported_format PASSED    [ 46%]
tests/test_io_unified.py::test_read_spectra_unknown_auto_format PASSED   [ 46%]
tests/test_io_unified.py::test_read_excel_with_sheet_name PASSED         [ 46%]
tests/test_io_unified.py::test_write_excel_with_custom_options PASSED    [ 46%]
tests/test_io_unified.py::test_write_csv_with_float_format PASSED        [ 46%]
tests/test_io_unified.py::test_read_ascii_with_delimiter FAILED          [ 46%]
tests/test_io_unified.py::test_metadata_structure_csv PASSED             [ 46%]
tests/test_io_unified.py::test_metadata_structure_excel PASSED           [ 47%]
tests/test_io_unified.py::test_metadata_structure_ascii PASSED           [ 47%]
tests/test_io_unified.py::test_roundtrip_csv PASSED                      [ 47%]
tests/test_io_unified.py::test_roundtrip_excel PASSED                    [ 47%]
tests/test_io_unified.py::test_roundtrip_ascii PASSED                    [ 47%]
tests/test_io_unified.py::test_read_nonexistent_file PASSED              [ 47%]
tests/test_io_unified.py::test_write_to_invalid_path PASSED              [ 47%]
tests/test_io_unified.py::test_read_with_metadata_option PASSED          [ 47%]
tests/test_io_unified.py::test_write_with_metadata_option PASSED         [ 47%]
tests/test_io_unified.py::test_multiple_format_detection PASSED          [ 47%]
tests/test_io_unified.py::test_format_agnostic_pipeline PASSED           [ 47%]
tests/test_io_vendor_formats.py::test_read_ascii_tab_delimited FAILED    [ 47%]
tests/test_io_vendor_formats.py::test_read_ascii_comma_delimited FAILED  [ 48%]
tests/test_io_vendor_formats.py::test_read_ascii_space_delimited FAILED  [ 48%]
tests/test_io_vendor_formats.py::test_read_ascii_with_comments FAILED    [ 48%]
tests/test_io_vendor_formats.py::test_write_read_ascii_roundtrip PASSED  [ 48%]
tests/test_io_vendor_formats.py::test_write_ascii_multiple_spectra_warning PASSED [ 48%]
tests/test_io_vendor_formats.py::test_ascii_via_unified_api PASSED       [ 48%]
tests/test_io_vendor_formats.py::test_ascii_without_header FAILED        [ 48%]
tests/test_io_vendor_formats.py::test_ascii_custom_delimiter_write PASSED [ 48%]
tests/test_io_vendor_formats.py::test_opus_import_error PASSED           [ 48%]
tests/test_io_vendor_formats.py::test_opus_file_detection PASSED         [ 48%]
tests/test_io_vendor_formats.py::test_opus_via_unified_api_if_installed SKIPPED [ 48%]
tests/test_io_vendor_formats.py::test_perkinelmer_import_error PASSED    [ 49%]
tests/test_io_vendor_formats.py::test_perkinelmer_file_detection PASSED  [ 49%]
tests/test_io_vendor_formats.py::test_perkinelmer_via_unified_api_if_installed SKIPPED [ 49%]
tests/test_io_vendor_formats.py::test_agilent_import_error PASSED        [ 49%]
tests/test_io_vendor_formats.py::test_agilent_file_detection PASSED      [ 49%]
tests/test_io_vendor_formats.py::test_agilent_not_implemented PASSED     [ 49%]
tests/test_io_vendor_formats.py::test_detect_format_csv PASSED           [ 49%]
tests/test_io_vendor_formats.py::test_detect_format_excel PASSED         [ 49%]
tests/test_io_vendor_formats.py::test_detect_format_asd PASSED           [ 49%]
tests/test_io_vendor_formats.py::test_detect_format_spc PASSED           [ 49%]
tests/test_io_vendor_formats.py::test_detect_format_jcamp PASSED         [ 49%]
tests/test_io_vendor_formats.py::test_detect_format_ascii PASSED         [ 49%]
tests/test_io_vendor_formats.py::test_detect_format_directory PASSED     [ 50%]
tests/test_io_vendor_formats.py::test_detect_format_unknown PASSED       [ 50%]
tests/test_io_vendor_formats.py::test_detect_format_magic_bytes_spc PASSED [ 50%]
tests/test_io_vendor_formats.py::test_detect_format_magic_bytes_jcamp PASSED [ 50%]
tests/test_io_vendor_formats.py::test_detect_format_magic_bytes_opus PASSED [ 50%]
tests/test_io_vendor_formats.py::test_ascii_metadata_completeness PASSED [ 50%]
tests/test_io_vendor_formats.py::test_ascii_data_type_detection PASSED   [ 50%]
tests/test_io_vendor_formats.py::test_ascii_wavelength_sorting PASSED    [ 50%]
tests/test_jypls_inv.py::TestJYPLSInvBasic::test_jypls_inv_estimation PASSED [ 50%]
tests/test_jypls_inv.py::TestJYPLSInvBasic::test_jypls_inv_application FAILED [ 50%]
tests/test_jypls_inv.py::TestJYPLSInvBasic::test_jypls_inv_auto_component_selection PASSED [ 50%]
tests/test_jypls_inv.py::TestJYPLSInvBasic::test_jypls_inv_different_n_components PASSED [ 50%]
tests/test_jypls_inv.py::TestJYPLSInvQuality::test_affine_transformation_recovery FAILED [ 51%]
tests/test_jypls_inv.py::TestJYPLSInvQuality::test_complex_pls_structure FAILED [ 51%]
tests/test_jypls_inv.py::TestJYPLSInvQuality::test_transfer_sample_quality_impact FAILED [ 51%]
tests/test_jypls_inv.py::TestJYPLSInvComparison::test_jypls_inv_vs_tsr FAILED [ 51%]
tests/test_jypls_inv.py::TestJYPLSInvComparison::test_jypls_inv_vs_ctai FAILED [ 51%]
tests/test_jypls_inv.py::TestTransferModelIntegration::test_create_transfer_model_jypls PASSED [ 51%]
tests/test_jypls_inv.py::TestTransferModelIntegration::test_save_load_transfer_model_jypls PASSED [ 51%]
tests/test_jypls_inv.py::TestEdgeCases::test_minimal_transfer_samples PASSED [ 51%]
tests/test_jypls_inv.py::TestEdgeCases::test_many_transfer_samples PASSED [ 51%]
tests/test_jypls_inv.py::TestEdgeCases::test_high_dimensional_data PASSED [ 51%]
tests/test_jypls_inv.py::TestEdgeCases::test_single_component PASSED     [ 51%]
tests/test_jypls_inv.py::TestEdgeCases::test_invalid_inputs PASSED       [ 52%]
tests/test_jypls_inv.py::TestPLSComponentSelection::test_cv_component_selection PASSED [ 52%]
tests/test_jypls_inv.py::TestPLSComponentSelection::test_explained_variance_tracking PASSED [ 52%]
tests/test_jypls_inv.py::TestPLSComponentSelection::test_increasing_components_improves_fit PASSED [ 52%]
tests/test_model_independence.py::test_model_independence PASSED         [ 52%]
tests/test_model_independence.py::test_reproducibility PASSED            [ 52%]
tests/test_model_independence.py::test_cv_splitter_isolation PASSED      [ 52%]
tests/test_model_integration_fix.py::test_model_registry PASSED          [ 52%]
tests/test_model_integration_fix.py::test_model_instantiation PASSED     [ 52%]
tests/test_model_integration_fix.py::test_feature_importance_extraction PASSED [ 52%]
tests/test_model_integration_fix.py::test_hyperparameter_grids FAILED    [ 52%]
tests/test_model_integration_fix.py::test_end_to_end_workflow PASSED     [ 52%]
tests/test_model_io.py::TestModelSaveLoad::test_save_and_load_pls_model PASSED [ 53%]
tests/test_model_io.py::TestModelSaveLoad::test_save_with_preprocessor PASSED [ 53%]
tests/test_model_io.py::TestModelSaveLoad::test_predict_with_model PASSED [ 53%]
tests/test_model_io.py::TestModelSaveLoad::test_missing_wavelengths_error PASSED [ 53%]
tests/test_model_io.py::TestModelSaveLoad::test_all_model_types PASSED   [ 53%]
tests/test_model_io.py::TestModelSaveLoad::test_neuralboosted_model_type PASSED [ 53%]
tests/test_model_io.py::TestPreprocessingTypes::test_raw_preprocessing PASSED [ 53%]
tests/test_model_io.py::TestPreprocessingTypes::test_snv_preprocessing PASSED [ 53%]
tests/test_model_io.py::TestPreprocessingTypes::test_sg1_preprocessing PASSED [ 53%]
tests/test_model_io.py::TestPreprocessingTypes::test_sg2_preprocessing PASSED [ 53%]
tests/test_model_io.py::TestPreprocessingTypes::test_snv_sg1_preprocessing PASSED [ 53%]
tests/test_model_io.py::TestPreprocessingTypes::test_snv_sg2_preprocessing PASSED [ 53%]
tests/test_model_io.py::TestPreprocessingTypes::test_deriv_snv_preprocessing PASSED [ 54%]
tests/test_model_io.py::TestErrorHandling::test_missing_required_metadata_fields PASSED [ 54%]
tests/test_model_io.py::TestErrorHandling::test_load_nonexistent_file PASSED [ 54%]
tests/test_model_io.py::TestErrorHandling::test_load_corrupted_zip_file PASSED [ 54%]
tests/test_model_io.py::TestErrorHandling::test_load_zip_missing_metadata PASSED [ 54%]
tests/test_model_io.py::TestErrorHandling::test_load_zip_missing_model PASSED [ 54%]
tests/test_model_io.py::TestErrorHandling::test_predict_with_wrong_wavelength_count PASSED [ 54%]
tests/test_model_io.py::TestErrorHandling::test_predict_with_non_numeric_columns FAILED [ 54%]
tests/test_model_io.py::TestErrorHandling::test_predict_without_wavelengths_in_metadata PASSED [ 54%]
tests/test_model_io.py::TestErrorHandling::test_predict_with_invalid_type PASSED [ 54%]
tests/test_model_io.py::TestEdgeCases::test_filepath_without_dasp_extension PASSED [ 54%]
tests/test_model_io.py::TestEdgeCases::test_very_large_model PASSED      [ 55%]
tests/test_model_io.py::TestEdgeCases::test_model_with_single_component PASSED [ 55%]
tests/test_model_io.py::TestEdgeCases::test_metadata_with_numpy_types PASSED [ 55%]
tests/test_model_io.py::TestEdgeCases::test_predict_without_validation PASSED [ 55%]
tests/test_model_io.py::TestEdgeCases::test_empty_performance_dict PASSED [ 55%]
tests/test_model_io.py::TestGetModelInfo::test_get_model_info_basic PASSED [ 55%]
tests/test_model_io.py::TestGetModelInfo::test_get_model_info_nonexistent_file PASSED [ 55%]
tests/test_model_io.py::TestWavelengthSelection::test_select_wavelengths_exact_match PASSED [ 55%]
tests/test_model_io.py::TestWavelengthSelection::test_select_wavelengths_with_tolerance PASSED [ 55%]
tests/test_model_io.py::TestWavelengthSelection::test_select_wavelengths_missing_raises_error PASSED [ 55%]
tests/test_model_io.py::TestWavelengthSelection::test_select_wavelengths_non_numeric_columns FAILED [ 55%]
tests/test_model_io.py::TestWavelengthSelection::test_select_wavelengths_not_found_in_range PASSED [ 55%]
tests/test_model_io.py::TestJSONSerializer::test_serialize_numpy_int PASSED [ 56%]
tests/test_model_io.py::TestJSONSerializer::test_serialize_numpy_float PASSED [ 56%]
tests/test_model_io.py::TestJSONSerializer::test_serialize_numpy_array PASSED [ 56%]
tests/test_model_io.py::TestJSONSerializer::test_serialize_numpy_bool PASSED [ 56%]
tests/test_model_io.py::TestJSONSerializer::test_serialize_pandas_na PASSED [ 56%]
tests/test_model_io.py::TestJSONSerializer::test_serialize_unsupported_type_raises_error PASSED [ 56%]
tests/test_model_io.py::TestRoundTripIntegration::test_complete_workflow_with_preprocessing PASSED [ 56%]
tests/test_model_io.py::TestRoundTripIntegration::test_workflow_multiple_saves_and_loads PASSED [ 56%]
tests/test_model_io_comprehensive.py::TestSaveLoadCycle::test_save_load_pls_model PASSED [ 56%]
tests/test_model_io_comprehensive.py::TestSaveLoadCycle::test_save_load_ridge_model PASSED [ 56%]
tests/test_model_io_comprehensive.py::TestSaveLoadCycle::test_save_load_randomforest_model PASSED [ 56%]
tests/test_model_io_comprehensive.py::TestSaveLoadCycle::test_save_load_xgboost_model PASSED [ 56%]
tests/test_model_io_comprehensive.py::TestSaveLoadCycle::test_save_load_lightgbm_model PASSED [ 57%]
tests/test_model_io_comprehensive.py::TestPreprocessingPersistence::test_save_load_with_snv_preprocessor PASSED [ 57%]
tests/test_model_io_comprehensive.py::TestPreprocessingPersistence::test_save_load_with_derivative_preprocessor PASSED [ 57%]
tests/test_model_io_comprehensive.py::TestPreprocessingPersistence::test_save_load_composite_pipeline PASSED [ 57%]
tests/test_model_io_comprehensive.py::TestPredictionTests::test_predict_with_saved_model PASSED [ 57%]
tests/test_model_io_comprehensive.py::TestPredictionTests::test_predict_preserves_results PASSED [ 57%]
tests/test_model_io_comprehensive.py::TestPredictionTests::test_predict_with_different_sample_count PASSED [ 57%]
tests/test_model_io_comprehensive.py::TestMetadataHandling::test_metadata_preserved PASSED [ 57%]
tests/test_model_io_comprehensive.py::TestMetadataHandling::test_wavelength_list_preserved PASSED [ 57%]
tests/test_model_io_comprehensive.py::TestMetadataHandling::test_invalid_model_file_raises PASSED [ 57%]
tests/test_model_io_comprehensive.py::TestEnsembleTests::test_save_load_ensemble PASSED [ 57%]
tests/test_model_io_comprehensive.py::TestUncertaintyPrediction::test_predict_with_uncertainty_regression PASSED [ 57%]
tests/test_model_io_comprehensive.py::TestUncertaintyPrediction::test_predict_with_uncertainty_classification PASSED [ 58%]
tests/test_model_io_comprehensive.py::TestGetModelInfo::test_get_model_info_basic PASSED [ 58%]
tests/test_model_io_comprehensive.py::TestGetModelInfo::test_get_model_info_nonexistent_file PASSED [ 58%]
tests/test_model_io_comprehensive.py::TestEdgeCases::test_filepath_without_dasp_extension PASSED [ 58%]
tests/test_model_io_comprehensive.py::TestEdgeCases::test_very_large_model PASSED [ 58%]
tests/test_model_io_comprehensive.py::TestEdgeCases::test_missing_required_metadata_fields PASSED [ 58%]
tests/test_model_io_comprehensive.py::TestEdgeCases::test_predict_with_wrong_wavelength_count PASSED [ 58%]
tests/test_model_io_comprehensive.py::TestApplicabilityDomain::test_save_load_with_applicability_domain PASSED [ 58%]
tests/test_neural_boosted.py::TestNeuralBoostedBasic::test_fit_predict PASSED [ 58%]
tests/test_neural_boosted.py::TestNeuralBoostedBasic::test_perfect_fit PASSED [ 58%]
tests/test_neural_boosted.py::TestNeuralBoostedBasic::test_nonlinear_fit PASSED [ 58%]
tests/test_neural_boosted.py::TestEarlyStopping::test_early_stopping_triggers PASSED [ 59%]
tests/test_neural_boosted.py::TestEarlyStopping::test_no_early_stopping PASSED [ 59%]
tests/test_neural_boosted.py::TestEarlyStopping::test_validation_improves_generalization PASSED [ 59%]
tests/test_neural_boosted.py::TestFeatureImportances::test_feature_importances_shape PASSED [ 59%]
tests/test_neural_boosted.py::TestFeatureImportances::test_important_features_detected PASSED [ 59%]
tests/test_neural_boosted.py::TestLossFunctions::test_mse_loss PASSED    [ 59%]
tests/test_neural_boosted.py::TestLossFunctions::test_huber_loss PASSED  [ 59%]
tests/test_neural_boosted.py::TestActivationFunctions::test_tanh_activation PASSED [ 59%]
tests/test_neural_boosted.py::TestActivationFunctions::test_relu_activation PASSED [ 59%]
tests/test_neural_boosted.py::TestActivationFunctions::test_identity_activation PASSED [ 59%]
tests/test_neural_boosted.py::TestActivationFunctions::test_logistic_activation PASSED [ 59%]
tests/test_neural_boosted.py::TestParameterValidation::test_invalid_learning_rate PASSED [ 59%]
tests/test_neural_boosted.py::TestParameterValidation::test_invalid_hidden_layer_size PASSED [ 60%]
tests/test_neural_boosted.py::TestParameterValidation::test_large_hidden_layer_warning PASSED [ 60%]
tests/test_neural_boosted.py::TestParameterValidation::test_invalid_activation PASSED [ 60%]
tests/test_neural_boosted.py::TestParameterValidation::test_invalid_loss PASSED [ 60%]
tests/test_neural_boosted.py::TestParameterValidation::test_invalid_validation_fraction PASSED [ 60%]
tests/test_neural_boosted.py::TestSpectralDataIntegration::test_spectral_data_structure FAILED [ 60%]
tests/test_neural_boosted.py::TestSpectralDataIntegration::test_high_dimensional_spectral FAILED [ 60%]
tests/test_neural_boosted.py::TestSklearnCompatibility::test_get_set_params PASSED [ 60%]
tests/test_neural_boosted.py::TestSklearnCompatibility::test_clone_compatibility PASSED [ 60%]
tests/test_neural_boosted.py::TestNeuralBoostedClassifierBasic::test_binary_classification_fit_predict PASSED [ 60%]
tests/test_neural_boosted.py::TestNeuralBoostedClassifierBasic::test_multiclass_classification PASSED [ 60%]
tests/test_neural_boosted.py::TestNeuralBoostedClassifierBasic::test_predict_proba_binary PASSED [ 60%]
tests/test_neural_boosted.py::TestNeuralBoostedClassifierBasic::test_predict_proba_multiclass PASSED [ 61%]
tests/test_neural_boosted.py::TestNeuralBoostedClassifierBasic::test_predict_log_proba PASSED [ 61%]
tests/test_neural_boosted.py::TestClassifierEarlyStopping::test_early_stopping_accuracy_metric PASSED [ 61%]
tests/test_neural_boosted.py::TestClassifierEarlyStopping::test_early_stopping_log_loss_metric PASSED [ 61%]
tests/test_neural_boosted.py::TestClassifierEarlyStopping::test_no_early_stopping PASSED [ 61%]
tests/test_neural_boosted.py::TestClassWeighting::test_balanced_class_weight PASSED [ 61%]
tests/test_neural_boosted.py::TestClassWeighting::test_custom_class_weight PASSED [ 61%]
tests/test_neural_boosted.py::TestClassifierActivations::test_activation_functions[tanh] PASSED [ 61%]
tests/test_neural_boosted.py::TestClassifierActivations::test_activation_functions[relu] PASSED [ 61%]
tests/test_neural_boosted.py::TestClassifierActivations::test_activation_functions[identity] PASSED [ 61%]
tests/test_neural_boosted.py::TestClassifierActivations::test_activation_functions[logistic] PASSED [ 61%]
tests/test_neural_boosted.py::TestClassifierFeatureImportances::test_binary_feature_importances PASSED [ 62%]
tests/test_neural_boosted.py::TestClassifierFeatureImportances::test_multiclass_feature_importances PASSED [ 62%]
tests/test_neural_boosted.py::TestClassifierEdgeCases::test_small_dataset PASSED [ 62%]
tests/test_neural_boosted.py::TestClassifierEdgeCases::test_invalid_learning_rate PASSED [ 62%]
tests/test_neural_boosted.py::TestClassifierEdgeCases::test_invalid_early_stopping_metric PASSED [ 62%]
tests/test_neural_boosted.py::TestClassifierEdgeCases::test_invalid_class_weight PASSED [ 62%]
tests/test_neural_boosted.py::TestClassifierIntegration::test_high_dimensional_data PASSED [ 62%]
tests/test_neural_boosted.py::TestClassifierIntegration::test_train_test_split_performance PASSED [ 62%]
tests/test_neural_boosted.py::TestClassifierIntegration::test_roc_auc_score PASSED [ 62%]
tests/test_new_formats.py::test_jcamp_write_read FAILED                  [ 62%]
tests/test_new_formats.py::test_ascii_formats PASSED                     [ 62%]
tests/test_new_formats.py::test_jcamp_metadata_preservation FAILED       [ 62%]
tests/test_new_formats.py::test_edge_cases PASSED                        [ 63%]
tests/test_new_models.py::test_elasticnet PASSED                         [ 63%]
tests/test_new_models.py::test_svr PASSED                                [ 63%]
tests/test_new_models.py::test_xgboost PASSED                            [ 63%]
tests/test_new_models.py::test_lightgbm PASSED                           [ 63%]
tests/test_new_models.py::test_catboost PASSED                           [ 63%]
tests/test_new_models.py::test_model_comparison PASSED                   [ 63%]
tests/test_nsga2_search.py::TestNSGA2Search::test_returns_pareto_front PASSED [ 63%]
tests/test_nsga2_search.py::TestNSGA2Search::test_pareto_non_dominated PASSED [ 63%]
tests/test_nsga2_search.py::TestNSGA2Search::test_knee_point_identified PASSED [ 63%]
tests/test_nsga2_search.py::TestNSGA2Search::test_respects_min_wavelengths PASSED [ 63%]
tests/test_nsga2_search.py::TestNSGA2Search::test_classification_mode PASSED [ 63%]
tests/test_nsga2_search.py::TestNSGA2Search::test_model_subset_filtering PASSED [ 64%]
tests/test_nsga2_search.py::TestNSGA2Search::test_longer_optimization PASSED [ 64%]
tests/test_nsga2_search.py::TestKneePointDetection::test_2d_pareto_front PASSED [ 64%]
tests/test_nsga2_search.py::TestKneePointDetection::test_single_point_returns_zero PASSED [ 64%]
tests/test_nsga2_search.py::TestKneePointDetection::test_two_points PASSED [ 64%]
tests/test_nsga2_search.py::TestKneePointDetection::test_3d_pareto_front PASSED [ 64%]
tests/test_nsga2_search.py::TestKneePointDetection::test_degenerate_front PASSED [ 64%]
tests/test_nsga2_search.py::TestDecodeSolution::test_decodes_preprocessing PASSED [ 64%]
tests/test_nsga2_search.py::TestDecodeSolution::test_decodes_model_type PASSED [ 64%]
tests/test_nsga2_search.py::TestDecodeSolution::test_decodes_wavelength_selection PASSED [ 64%]
tests/test_nsga2_search.py::TestDecodeSolution::test_decodes_model_params PASSED [ 64%]
tests/test_nsga2_search.py::TestBuildModel::test_builds_pls PASSED       [ 65%]
tests/test_nsga2_search.py::TestBuildModel::test_builds_ridge PASSED     [ 65%]
tests/test_nsga2_search.py::TestBuildModel::test_builds_randomforest PASSED [ 65%]
tests/test_nsga2_search.py::TestBuildModel::test_model_param_scaling PASSED [ 65%]
tests/test_nsga2_search.py::TestBuildModel::test_classification_models PASSED [ 65%]
tests/test_nsga2_search.py::TestBuildModel::test_unavailable_model_returns_none PASSED [ 65%]
tests/test_nsga2_search.py::TestPreprocessingTransform::test_raw_returns_none PASSED [ 65%]
tests/test_nsga2_search.py::TestPreprocessingTransform::test_snv_transform PASSED [ 65%]
tests/test_nsga2_search.py::TestPreprocessingTransform::test_derivative_transform PASSED [ 65%]
tests/test_nsga2_search.py::TestResultConversion::test_pareto_to_dataframe PASSED [ 65%]
tests/test_nsga2_search.py::TestResultConversion::test_v1_format_conversion PASSED [ 65%]
tests/test_nsga2_search.py::TestResultConversion::test_knee_point_marked PASSED [ 65%]
tests/test_nsga2_search.py::TestR2Computation::test_computes_r2_for_solution PASSED [ 66%]
tests/test_nsga2_search.py::TestR2Computation::test_r2_none_for_classification PASSED [ 66%]
tests/test_nsga2_search.py::TestEdgeCases::test_empty_pareto_front PASSED [ 66%]
tests/test_nsga2_search.py::TestEdgeCases::test_min_wavelengths_too_high PASSED [ 66%]
tests/test_nsga2_search.py::TestEdgeCases::test_very_small_population PASSED [ 66%]
tests/test_nspfce.py::TestNSPFCEBasic::test_nspfce_without_wavelength_selection PASSED [ 66%]
tests/test_nspfce.py::TestNSPFCEBasic::test_nspfce_with_wavelength_selection_vcpa FAILED [ 66%]
tests/test_nspfce.py::TestNSPFCEBasic::test_nspfce_with_wavelength_selection_cars FAILED [ 66%]
tests/test_nspfce.py::TestNSPFCEBasic::test_nspfce_with_wavelength_selection_spa FAILED [ 66%]
tests/test_nspfce.py::TestNSPFCEBasic::test_nspfce_apply PASSED          [ 66%]
tests/test_nspfce.py::TestNSPFCEBasic::test_nspfce_apply_with_wavelength_selection PASSED [ 66%]
tests/test_nspfce.py::TestNSPFCEConvergence::test_convergence_simple_case PASSED [ 66%]
tests/test_nspfce.py::TestNSPFCEConvergence::test_different_max_iterations PASSED [ 67%]
tests/test_nspfce.py::TestNSPFCEConvergence::test_convergence_threshold PASSED [ 67%]
tests/test_nspfce.py::TestNSPFCEQuality::test_affine_transformation_recovery PASSED [ 67%]
tests/test_nspfce.py::TestNSPFCEQuality::test_wavelength_dependent_transformation PASSED [ 67%]
tests/test_nspfce.py::TestNSPFCEQuality::test_spectral_like_data PASSED  [ 67%]
tests/test_nspfce.py::TestNSPFCEComparison::test_nspfce_vs_ds FAILED     [ 67%]
tests/test_nspfce.py::TestNSPFCEComparison::test_nspfce_vs_ctai PASSED   [ 67%]
tests/test_nspfce.py::TestTransferModelIntegration::test_create_transfer_model_nspfce PASSED [ 67%]
tests/test_nspfce.py::TestTransferModelIntegration::test_save_load_transfer_model_nspfce PASSED [ 67%]
tests/test_nspfce.py::TestEdgeCases::test_small_dataset PASSED           [ 67%]
tests/test_nspfce.py::TestEdgeCases::test_high_dimensional PASSED        [ 67%]
tests/test_nspfce.py::TestEdgeCases::test_nearly_identical_spectra FAILED [ 68%]
tests/test_nspfce.py::TestEdgeCases::test_large_transformation PASSED    [ 68%]
tests/test_nspfce.py::TestEdgeCases::test_invalid_wavelength_selector FAILED [ 68%]
tests/test_nspfce.py::TestEdgeCases::test_mismatched_dimensions PASSED   [ 68%]
tests/test_nspfce.py::TestNormalization::test_with_normalization PASSED  [ 68%]
tests/test_nspfce.py::TestNormalization::test_without_normalization PASSED [ 68%]
tests/test_nspfce.py::TestNormalization::test_normalization_comparison PASSED [ 68%]
tests/test_optional_r_bridge.py::test_check_r_available SKIPPED (R (...) [ 68%]
tests/test_optional_r_bridge.py::test_read_asd_with_r_not_implemented SKIPPED [ 68%]
tests/test_optional_r_bridge.py::test_read_asd_with_asdreader_not_implemented SKIPPED [ 68%]
tests/test_optional_r_bridge.py::test_read_asd_with_prospectr_not_implemented SKIPPED [ 68%]
tests/test_optional_r_bridge.py::test_native_reader_not_implemented SKIPPED [ 68%]
tests/test_optional_r_bridge.py::test_check_r_available_returns_bool SKIPPED [ 69%]
tests/test_outlier_detection.py::TestPCAOutlierDetection::test_detects_leverage_outliers PASSED [ 69%]
tests/test_outlier_detection.py::TestPCAOutlierDetection::test_hotelling_t2_threshold PASSED [ 69%]
tests/test_outlier_detection.py::TestPCAOutlierDetection::test_handles_singular_covariance PASSED [ 69%]
tests/test_outlier_detection.py::TestPCAOutlierDetection::test_clips_n_components PASSED [ 69%]
tests/test_outlier_detection.py::TestPCAOutlierDetection::test_returns_required_fields PASSED [ 69%]
tests/test_outlier_detection.py::TestPCAOutlierDetection::test_single_component_case PASSED [ 69%]
tests/test_outlier_detection.py::TestPCAOutlierDetection::test_threshold_follows_f_distribution PASSED [ 69%]
tests/test_outlier_detection.py::TestQResiduals::test_high_q_for_novel_samples PASSED [ 69%]
tests/test_outlier_detection.py::TestQResiduals::test_q_threshold_is_95th_percentile PASSED [ 69%]
tests/test_outlier_detection.py::TestQResiduals::test_shape_preserved PASSED [ 69%]
tests/test_outlier_detection.py::TestQResiduals::test_fewer_components_higher_q PASSED [ 69%]
tests/test_outlier_detection.py::TestMahalanobisDistance::test_identifies_multivariate_outliers PASSED [ 70%]
tests/test_outlier_detection.py::TestMahalanobisDistance::test_handles_1d_scores PASSED [ 70%]
tests/test_outlier_detection.py::TestMahalanobisDistance::test_mad_robustness PASSED [ 70%]
tests/test_outlier_detection.py::TestMahalanobisDistance::test_center_samples_have_low_distance PASSED [ 70%]
tests/test_outlier_detection.py::TestYDataConsistency::test_detects_z_score_outliers PASSED [ 70%]
tests/test_outlier_detection.py::TestYDataConsistency::test_range_check_with_bounds PASSED [ 70%]
tests/test_outlier_detection.py::TestYDataConsistency::test_handles_categorical_data PASSED [ 70%]
tests/test_outlier_detection.py::TestYDataConsistency::test_zero_std_handling PASSED [ 70%]
tests/test_outlier_detection.py::TestYDataConsistency::test_combined_outliers PASSED [ 70%]
tests/test_outlier_detection.py::TestYDataConsistency::test_categorical_class_distribution PASSED [ 70%]
tests/test_outlier_detection.py::TestGenerateOutlierReport::test_combines_all_methods PASSED [ 70%]
tests/test_outlier_detection.py::TestGenerateOutlierReport::test_confidence_levels_correct PASSED [ 71%]
tests/test_outlier_detection.py::TestGenerateOutlierReport::test_summary_dataframe_structure PASSED [ 71%]
tests/test_outlier_detection.py::TestGenerateOutlierReport::test_combined_flags_threshold PASSED [ 71%]
tests/test_outlier_detection.py::TestGenerateOutlierReport::test_handles_y_bounds PASSED [ 71%]
tests/test_outlier_detection.py::TestGenerateOutlierReport::test_detects_known_outliers PASSED [ 71%]
tests/test_outlier_detection.py::TestEdgeCases::test_single_sample PASSED [ 71%]
tests/test_outlier_detection.py::TestEdgeCases::test_all_outliers_scenario PASSED [ 71%]
tests/test_outlier_detection.py::TestEdgeCases::test_zero_variance_features PASSED [ 71%]
tests/test_outlier_detection.py::TestEdgeCases::test_perfect_reconstruction PASSED [ 71%]
tests/test_preprocess_extended.py::TestSNVEdgeCases::test_snv_constant_spectrum PASSED [ 71%]
tests/test_preprocess_extended.py::TestSNVEdgeCases::test_snv_single_sample PASSED [ 71%]
tests/test_preprocess_extended.py::TestSNVEdgeCases::test_snv_high_variance PASSED [ 71%]
tests/test_preprocess_extended.py::TestSNVEdgeCases::test_snv_preserves_shape PASSED [ 72%]
tests/test_preprocess_extended.py::TestSavgolEdgeCases::test_savgol_minimum_window PASSED [ 72%]
tests/test_preprocess_extended.py::TestSavgolEdgeCases::test_savgol_large_window PASSED [ 72%]
tests/test_preprocess_extended.py::TestSavgolEdgeCases::test_savgol_different_polyorders PASSED [ 72%]
tests/test_preprocess_extended.py::TestSavgolEdgeCases::test_savgol_4th_derivative PASSED [ 72%]
tests/test_preprocess_extended.py::TestSavgolEdgeCases::test_savgol_preserves_shape PASSED [ 72%]
tests/test_preprocess_extended.py::TestPreprocessingPipeline::test_build_pipeline_raw PASSED [ 72%]
tests/test_preprocess_extended.py::TestPreprocessingPipeline::test_build_pipeline_snv PASSED [ 72%]
tests/test_preprocess_extended.py::TestPreprocessingPipeline::test_build_pipeline_deriv PASSED [ 72%]
tests/test_preprocess_extended.py::TestPreprocessingPipeline::test_build_pipeline_snv_deriv PASSED [ 72%]
tests/test_preprocess_extended.py::TestPreprocessingPipeline::test_build_pipeline_deriv_snv PASSED [ 72%]
tests/test_preprocess_extended.py::TestPreprocessingPipeline::test_pipeline_is_sklearn_compatible PASSED [ 72%]
tests/test_preprocess_extended.py::TestPreprocessingWithRealData::test_snv_on_example_data SKIPPED [ 73%]
tests/test_preprocess_extended.py::TestPreprocessingWithRealData::test_derivative_on_example_data SKIPPED [ 73%]
tests/test_preprocess_extended.py::TestPreprocessingInputValidation::test_invalid_window_raises PASSED [ 73%]
tests/test_preprocess_extended.py::TestPreprocessingInputValidation::test_invalid_polyorder_raises PASSED [ 73%]
tests/test_preprocess_extended.py::TestPreprocessingInputValidation::test_invalid_deriv_raises PASSED [ 73%]
[...]
  Did you mean to use `assert` instead of `return`?
  See https://docs.pytest.org/en/stable/how-to/assert.html#return-not-none for more information.
    warnings.warn(

tests/test_tab7_performance.py::TestTab7ModelComparisonPerformance::test_randomforest_performance
  C:\Users\sponheim\AppData\Local\Programs\Python\Python312\Lib\site-packages\_pytest\python.py:170: PytestReturnNotNoneWarning: Test functions should return None, but tests/test_tab7_performance.py::TestTab7ModelComparisonPerformance::test_randomforest_performance returned <class 'float'>.
  Did you mean to use `assert` instead of `return`?
  See https://docs.pytest.org/en/stable/how-to/assert.html#return-not-none for more information.
    warnings.warn(

tests/test_tiers_with_examples.py::test_tier_execution_quick
tests/test_tiers_with_examples.py::test_tier_execution_standard
tests/test_tiers_with_examples.py::test_tier_execution_comprehensive
tests/test_tiers_with_examples.py::test_tier_comparison
tests/test_tiers_with_examples.py::test_tier_comparison
tests/test_tiers_with_examples.py::test_tier_comparison
  C:\Users\sponheim\AppData\Local\Programs\Python\Python312\Lib\site-packages\sklearn\linear_model\_coordinate_descent.py:695: ConvergenceWarning: Objective did not converge. You might want to increase the number of iterations, check the scale of the features or consider increasing regularisation. Duality gap: 3.602e-01, tolerance: 1.971e-02
    model = cd_fast.enet_coordinate_descent(

tests/test_tiers_with_examples.py::test_tier_execution_quick
  C:\Users\sponheim\AppData\Local\Programs\Python\Python312\Lib\site-packages\_pytest\python.py:170: PytestReturnNotNoneWarning: Test functions should return None, but tests/test_tiers_with_examples.py::test_tier_execution_quick returned <class 'tuple'>.
  Did you mean to use `assert` instead of `return`?
  See https://docs.pytest.org/en/stable/how-to/assert.html#return-not-none for more information.
    warnings.warn(

tests/test_tiers_with_examples.py::test_tier_execution_standard
tests/test_tiers_with_examples.py::test_tier_comparison
  C:\Users\sponheim\AppData\Local\Programs\Python\Python312\Lib\site-packages\sklearn\linear_model\_coordinate_descent.py:695: ConvergenceWarning: Objective did not converge. You might want to increase the number of iterations, check the scale of the features or consider increasing regularisation. Duality gap: 1.605e-01, tolerance: 1.971e-02
    model = cd_fast.enet_coordinate_descent(

tests/test_tiers_with_examples.py::test_tier_execution_standard
  C:\Users\sponheim\AppData\Local\Programs\Python\Python312\Lib\site-packages\_pytest\python.py:170: PytestReturnNotNoneWarning: Test functions should return None, but tests/test_tiers_with_examples.py::test_tier_execution_standard returned <class 'tuple'>.
  Did you mean to use `assert` instead of `return`?
  See https://docs.pytest.org/en/stable/how-to/assert.html#return-not-none for more information.
    warnings.warn(

tests/test_tiers_with_examples.py::test_tier_execution_comprehensive
tests/test_tiers_with_examples.py::test_tier_comparison
  C:\Users\sponheim\git\dasp\src\spectral_predict\neural_boosted.py:196: UserWarning: Dataset is very small (<20 samples). Consider setting early_stopping=False or using more data.
    warnings.warn(

tests/test_tiers_with_examples.py::test_tier_execution_comprehensive
  C:\Users\sponheim\AppData\Local\Programs\Python\Python312\Lib\site-packages\_pytest\python.py:170: PytestReturnNotNoneWarning: Test functions should return None, but tests/test_tiers_with_examples.py::test_tier_execution_comprehensive returned <class 'tuple'>.
  Did you mean to use `assert` instead of `return`?
  See https://docs.pytest.org/en/stable/how-to/assert.html#return-not-none for more information.
    warnings.warn(

-- Docs: https://docs.pytest.org/en/stable/how-to/capture-warnings.html
=========================== short test summary info ===========================
SKIPPED [1] tests\test_ga_preprocessing.py:199: LightGBM not installed
SKIPPED [1] tests\test_imbalance.py:619: Warning threshold is too strict for practical testing
SKIPPED [1] tests\test_io_jcamp.py:257: jcamp package is installed
SKIPPED [1] tests\test_io_spc.py:109: spc-io not installed or mock file invalid
SKIPPED [1] tests\test_io_spc.py:167: pyspectra not installed or files invalid
SKIPPED [1] tests\test_io_spc.py:229: Requires real SPC file generation with spc-io
SKIPPED [1] tests\test_io_vendor_formats.py:237: brukeropus not installed
SKIPPED [1] tests\test_io_vendor_formats.py:278: specio not installed
SKIPPED [1] tests\test_optional_r_bridge.py:22: R (Rscript) not available in PATH
SKIPPED [1] tests\test_optional_r_bridge.py:28: R (Rscript) not available in PATH
SKIPPED [1] tests\test_optional_r_bridge.py:39: R (Rscript) not available in PATH
SKIPPED [1] tests\test_optional_r_bridge.py:48: R (Rscript) not available in PATH
SKIPPED [1] tests\test_optional_r_bridge.py:57: R (Rscript) not available in PATH
SKIPPED [1] tests\test_optional_r_bridge.py:67: R (Rscript) not available in PATH
SKIPPED [1] tests\test_preprocess_extended.py:297: No valid spectral columns found in BoneCollagen.csv
SKIPPED [1] tests\test_preprocess_extended.py:328: Need at least 11 wavelengths for window=11, got 0
SKIPPED [1] tests\test_tab7_integration.py:92: Quick start data not available
SKIPPED [1] tests\test_tab7_integration.py:119: Quick start data not available
SKIPPED [1] tests\test_tab7_integration.py:149: Quick start data not available
SKIPPED [1] tests\test_tab7_integration.py:241: Quick start data not available
SKIPPED [1] tests\test_tab7_integration.py:293: Quick start data not available
SKIPPED [1] tests\test_tab7_performance.py:318: psutil not available for memory monitoring
SKIPPED [1] tests\test_tab7_performance.py:346: psutil not available for memory monitoring
ERROR tests/test_tab7_integration.py::TestTab7FullDatasetWorkflow::test_full_dataset_pls_workflow
ERROR tests/test_tab7_integration.py::TestTab7FullDatasetWorkflow::test_full_dataset_with_subsets
ERROR tests/test_tab7_integration.py::TestTab7FullDatasetWorkflow::test_multiple_preprocessing_methods
ERROR tests/test_tab7_model_development.py::TestTab7DataLoading::test_load_pls_full_model
ERROR tests/test_tab7_model_development.py::TestTab7DataLoading::test_wavelength_parsing_accuracy_full_model
ERROR tests/test_tab7_model_development.py::TestTab7DataLoading::test_hyperparameter_loading_pls
ERROR tests/test_tab7_model_development.py::TestTab7DataLoading::test_hyperparameter_loading_ridge
ERROR tests/test_tab7_model_development.py::TestTab7Reproducibility::test_pls_r2_match
ERROR tests/test_tab7_model_development.py::TestTab7Reproducibility::test_ridge_r2_match
ERROR tests/test_tab7_model_development.py::TestTab7WavelengthCountValidation::test_wavelength_count_match
FAILED tests/test_asd_ascii.py::test_read_asd_dir_multiple_files - AttributeE...
FAILED tests/test_asd_ascii.py::test_read_asd_dir_mixed_sig_asd - AttributeEr...
FAILED tests/test_calibration_transfer_advanced.py::TestTSR::test_tsr_perfect_recovery
FAILED tests/test_calibration_transfer_advanced.py::TestTSR::test_tsr_bias_only_correction
FAILED tests/test_calibration_transfer_advanced.py::TestCTAI::test_basic_ctai
FAILED tests/test_calibration_transfer_advanced.py::TestCTAI::test_ctai_no_transfer_samples_needed
FAILED tests/test_calibration_transfer_advanced.py::TestCTAI::test_ctai_different_sample_sizes
FAILED tests/test_calibration_transfer_advanced.py::TestEdgeCases::test_identical_spectra
FAILED tests/test_combined_excel.py::test_combined_excel_with_id - ValueError...
FAILED tests/test_combined_excel.py::test_combined_excel_no_id - ValueError: ...
FAILED tests/test_combined_excel.py::test_combined_excel_mixed_order - ValueE...
FAILED tests/test_end_to_end_workflow.py::TestFullWorkflow::test_subset_model_workflow
FAILED tests/test_end_to_end_workflow.py::TestFullWorkflow::test_preprocessing_workflow
FAILED tests/test_end_to_end_workflow.py::TestFullWorkflow::test_complete_pipeline
FAILED tests/test_end_to_end_workflow.py::TestModelReproduction::test_r2_reproduction_after_pipeline_fix
FAILED tests/test_end_to_end_workflow.py::TestEdgeCases::test_small_dataset
FAILED tests/test_end_to_end_workflow.py::TestEdgeCases::test_high_resolution_spectra
FAILED tests/test_end_to_end_workflow.py::TestPreprocessingCombinations::test_all_preprocessing_methods
FAILED tests/test_io_csv.py::test_read_csv_wide - AttributeError: 'tuple' obj...
FAILED tests/test_io_csv.py::test_read_csv_long - AttributeError: 'tuple' obj...
FAILED tests/test_io_jcamp.py::test_read_jcamp_basic - AssertionError: assert...
FAILED tests/test_io_jcamp.py::test_write_jcamp_basic - AttributeError: modul...
FAILED tests/test_io_jcamp.py::test_write_jcamp_multiple_spectra_warning - At...
FAILED tests/test_io_jcamp.py::test_write_read_jcamp_roundtrip - AttributeErr...
FAILED tests/test_io_jcamp.py::test_jcamp_via_unified_write_api - AttributeEr...
FAILED tests/test_io_jcamp.py::test_jcamp_custom_units - AttributeError: modu...
FAILED tests/test_io_spc.py::test_read_spc_file_import_error - ValueError: Bu...
FAILED tests/test_io_spc.py::test_read_spc_dir_with_existing_function - Value...
FAILED tests/test_io_unified.py::test_read_ascii_with_delimiter - AssertionEr...
FAILED tests/test_io_vendor_formats.py::test_read_ascii_tab_delimited - Asser...
FAILED tests/test_io_vendor_formats.py::test_read_ascii_comma_delimited - Ass...
FAILED tests/test_io_vendor_formats.py::test_read_ascii_space_delimited - Ass...
FAILED tests/test_io_vendor_formats.py::test_read_ascii_with_comments - Asser...
FAILED tests/test_io_vendor_formats.py::test_ascii_without_header - Assertion...
FAILED tests/test_jypls_inv.py::TestJYPLSInvBasic::test_jypls_inv_application
FAILED tests/test_jypls_inv.py::TestJYPLSInvQuality::test_affine_transformation_recovery
FAILED tests/test_jypls_inv.py::TestJYPLSInvQuality::test_complex_pls_structure
FAILED tests/test_jypls_inv.py::TestJYPLSInvQuality::test_transfer_sample_quality_impact
FAILED tests/test_jypls_inv.py::TestJYPLSInvComparison::test_jypls_inv_vs_tsr
FAILED tests/test_jypls_inv.py::TestJYPLSInvComparison::test_jypls_inv_vs_ctai
FAILED tests/test_model_integration_fix.py::test_hyperparameter_grids - TypeE...
FAILED tests/test_model_io.py::TestErrorHandling::test_predict_with_non_numeric_columns
FAILED tests/test_model_io.py::TestWavelengthSelection::test_select_wavelengths_non_numeric_columns
FAILED tests/test_neural_boosted.py::TestSpectralDataIntegration::test_spectral_data_structure
FAILED tests/test_neural_boosted.py::TestSpectralDataIntegration::test_high_dimensional_spectral
FAILED tests/test_new_formats.py::test_jcamp_write_read - NameError: name 'da...
FAILED tests/test_new_formats.py::test_jcamp_metadata_preservation - NameErro...
FAILED tests/test_nspfce.py::TestNSPFCEBasic::test_nspfce_with_wavelength_selection_vcpa
FAILED tests/test_nspfce.py::TestNSPFCEBasic::test_nspfce_with_wavelength_selection_cars
FAILED tests/test_nspfce.py::TestNSPFCEBasic::test_nspfce_with_wavelength_selection_spa
FAILED tests/test_nspfce.py::TestNSPFCEComparison::test_nspfce_vs_ds - Assert...
FAILED tests/test_nspfce.py::TestEdgeCases::test_nearly_identical_spectra - a...
FAILED tests/test_nspfce.py::TestEdgeCases::test_invalid_wavelength_selector
FAILED tests/test_preprocessing_fix_comprehensive.py::TestRegressionDerivativeOnly::test_sg1_full_spectrum_with_restriction
FAILED tests/test_preprocessing_fix_comprehensive.py::TestRegressionDerivativeOnly::test_sg2_full_spectrum_with_restriction
FAILED tests/test_preprocessing_fix_comprehensive.py::TestRegressionDerivativeOnly::test_sg1_subset_with_restriction
FAILED tests/test_preprocessing_fix_comprehensive.py::TestRegressionDerivativeOnly::test_reproducibility_across_runs
FAILED tests/test_preprocessing_fix_comprehensive.py::TestRegressionSNVOnly::test_snv_full_spectrum
FAILED tests/test_preprocessing_fix_comprehensive.py::TestRegressionSNVOnly::test_snv_subset
FAILED tests/test_preprocessing_fix_comprehensive.py::TestRegressionNoPreprocessing::test_raw_no_restriction
FAILED tests/test_preprocessing_fix_comprehensive.py::TestRegressionNoPreprocessing::test_raw_subset
FAILED tests/test_preprocessing_fix_comprehensive.py::TestFullSpectrumModels::test_sg1_full_spectrum_no_subsets
FAILED tests/test_preprocessing_fix_comprehensive.py::TestFullSpectrumModels::test_snv_sg1_full_spectrum
FAILED tests/test_preprocessing_fix_comprehensive.py::TestSNVDerivativeFix::test_snv_sg1_full_spectrum
FAILED tests/test_preprocessing_fix_comprehensive.py::TestSNVDerivativeFix::test_snv_sg1_subset
FAILED tests/test_preprocessing_fix_comprehensive.py::TestSNVDerivativeFix::test_snv_sg1_vs_sg1_alone
FAILED tests/test_preprocessing_fix_comprehensive.py::TestSNVDerivativeFix::test_snv_sg2_subset_reproducibility
FAILED tests/test_preprocessing_fix_comprehensive.py::TestR2Reproducibility::test_full_spectrum_model_reproducibility
FAILED tests/test_preprocessing_fix_comprehensive.py::TestR2Reproducibility::test_subset_model_reproducibility
FAILED tests/test_preprocessing_fix_comprehensive.py::TestEdgeCasesEmpty::test_no_restriction_uses_full_spectrum
FAILED tests/test_preprocessing_fix_comprehensive.py::TestEdgeCasesRange::test_valid_range_within_bounds
FAILED tests/test_preprocessing_fix_comprehensive.py::TestEdgeCasesDerivativeWindow::test_sufficient_wavelengths_for_derivative
FAILED tests/test_preprocessing_fix_comprehensive.py::TestEdgeCasesSingleWavelength::test_framework_handles_single_wavelength
FAILED tests/test_preprocessing_fix_comprehensive.py::TestIntegrationVariableSelection::test_importance_with_preprocessing
FAILED tests/test_preprocessing_fix_comprehensive.py::TestIntegrationVariableSelection::test_multiple_methods_enabled
FAILED tests/test_preprocessing_fix_comprehensive.py::TestIntegrationRegions::test_regions_with_preprocessing
FAILED tests/test_preprocessing_fix_comprehensive.py::test_preprocessing_configurations[raw-models0]
FAILED tests/test_preprocessing_fix_comprehensive.py::test_preprocessing_configurations[snv-models1]
FAILED tests/test_preprocessing_fix_comprehensive.py::test_preprocessing_configurations[deriv-models2]
FAILED tests/test_preprocessing_fix_comprehensive.py::test_preprocessing_configurations[snv_deriv-models3]
FAILED tests/test_preprocessing_fix_comprehensive.py::test_data_scale_robustness[50-100]
FAILED tests/test_preprocessing_fix_comprehensive.py::test_data_scale_robustness[150-250]
FAILED tests/test_preprocessing_fix_comprehensive.py::test_data_scale_robustness[500-500]
FAILED tests/test_reproducibility.py::test_basic_reproducibility_regression
FAILED tests/test_reproducibility.py::test_basic_reproducibility_classification
FAILED tests/test_reproducibility.py::test_different_random_state_gives_different_results
FAILED tests/test_reproducibility.py::test_model_reproducibility[PLS] - Unbou...
FAILED tests/test_reproducibility.py::test_model_reproducibility[Ridge] - Unb...
FAILED tests/test_reproducibility.py::test_model_reproducibility[Lasso] - Unb...
FAILED tests/test_reproducibility.py::test_ranking_stability - UnboundLocalEr...
FAILED tests/test_reproducibility.py::test_penalties_default_to_zero - Unboun...
FAILED tests/test_reproducibility.py::test_full_reproducibility_workflow - Un...
FAILED tests/test_sample_selection.py::TestDUPLEX::test_error_invalid_split
FAILED tests/test_tab7_integration.py::TestTab7ValidationSetWorkflow::test_workflow_with_validation_split
FAILED tests/test_tab7_integration.py::TestTab7EndToEndReproducibility::test_pls_derivative_subset_reproducibility
FAILED tests/test_tab7_model_development.py::TestTab7HyperparameterApplication::test_pls_n_components
FAILED tests/test_tab7_model_development.py::TestTab7FormatWavelengths::test_format_wavelengths_for_display
FAILED tests/test_tab7_model_development.py::TestTab7FormatWavelengths::test_format_large_wavelength_list
FAILED tests/test_tab7_performance.py::TestTab7LoadingPerformance::test_model_loading_speed_from_results
FAILED tests/test_tab7_performance.py::TestTab7ScalabilityBenchmarks::test_scalability_sample_count
FAILED tests/test_variable_count_fix.py::TestVariableCountFix::test_subset_model_has_all_vars_column
FAILED tests/test_variable_count_fix.py::TestVariableCountFix::test_subset_model_has_top_vars_column
FAILED tests/test_variable_count_fix.py::TestVariableCountFix::test_full_model_all_vars_is_na
FAILED tests/test_variable_count_fix.py::TestVariableCountFix::test_all_vars_contains_subset_of_original_wavelengths
FAILED tests/test_wavelength_filtering_integration.py::TestScenario1NoFiltering::test_no_filtering_none_parameters
FAILED tests/test_wavelength_filtering_integration.py::TestScenario1NoFiltering::test_no_filtering_empty_strings
FAILED tests/test_wavelength_filtering_integration.py::TestScenario1NoFiltering::test_no_filtering_matches_expected_behavior
FAILED tests/test_wavelength_filtering_integration.py::TestScenario2MinimumOnly::test_min_only_800nm
FAILED tests/test_wavelength_filtering_integration.py::TestScenario2MinimumOnly::test_min_at_nir_edge_1000nm
FAILED tests/test_wavelength_filtering_integration.py::TestScenario3MaximumOnly::test_max_only_2500nm
FAILED tests/test_wavelength_filtering_integration.py::TestScenario3MaximumOnly::test_max_at_nir_upper_2400nm
FAILED tests/test_wavelength_filtering_integration.py::TestScenario4BothMinMax::test_range_700_2500nm
FAILED tests/test_wavelength_filtering_integration.py::TestScenario4BothMinMax::test_range_1300_1400nm
FAILED tests/test_wavelength_filtering_integration.py::TestScenario5WithPreprocessing::test_snv_preprocessing_with_filtering
FAILED tests/test_wavelength_filtering_integration.py::TestScenario5WithPreprocessing::test_first_derivative_with_filtering
FAILED tests/test_wavelength_filtering_integration.py::TestScenario5WithPreprocessing::test_snv_then_derivative_with_filtering
FAILED tests/test_wavelength_filtering_integration.py::TestScenario6WithVariableSelection::test_importance_selection_with_filtering
FAILED tests/test_wavelength_filtering_integration.py::TestScenario8Consistency::test_filtering_deterministic
FAILED tests/test_wavelength_filtering_integration.py::TestScenario8Consistency::test_filtering_consistent_across_cv_folds
FAILED tests/test_wavelength_filtering_integration.py::TestParametrizedScenarios::test_various_filter_ranges[None-None-expected_count_range0]
FAILED tests/test_wavelength_filtering_integration.py::TestParametrizedScenarios::test_various_filter_ranges[800-None-expected_count_range1]
FAILED tests/test_wavelength_filtering_integration.py::TestParametrizedScenarios::test_various_filter_ranges[None-2500-expected_count_range2]
FAILED tests/test_wavelength_filtering_integration.py::TestParametrizedScenarios::test_various_filter_ranges[700-2500-expected_count_range3]
FAILED tests/test_wavelength_filtering_integration.py::TestParametrizedScenarios::test_various_filter_ranges[1000-1100-expected_count_range4]
FAILED tests/test_wavelength_filtering_integration.py::TestParametrizedScenarios::test_various_filter_ranges[1500-1600-expected_count_range5]
FAILED tests/test_wavelength_selection.py::TestSPA::test_spa_basic_functionality
FAILED tests/test_wavelength_selection.py::TestSPA::test_spa_invalid_inputs
FAILED tests/test_wavelength_selection.py::TestCARS::test_cars_basic_functionality
FAILED tests/test_wavelength_selection.py::TestVCPAIRIV::test_vcpa_iriv_basic_functionality
FAILED tests/test_wavelength_selection.py::TestVCPAIRIV::test_vcpa_iriv_importance_scores
FAILED tests/test_wavelength_selection.py::TestVCPAIRIV::test_vcpa_iriv_binary_matrix_generation
FAILED tests/test_wavelength_selection.py::TestVCPAIRIV::test_vcpa_iriv_reproducibility_with_seed
FAILED tests/test_wavelength_selection.py::TestIntegration::test_selected_wavelength_predictive_power
= 133 failed, 1003 passed, 23 skipped, 3385 warnings, 10 errors in 559.27s (0:09:19) =
